[2024-12-28T15:37:06.172+0000] {processor.py:153} INFO - Started process (PID=10588) to work on /opt/airflow/dags/dag_run_dag.py
[2024-12-28T15:37:06.173+0000] {processor.py:743} INFO - Processing file /opt/airflow/dags/dag_run_dag.py for tasks to queue
[2024-12-28T15:37:06.174+0000] {logging_mixin.py:137} INFO - [2024-12-28T15:37:06.174+0000] {dagbag.py:538} INFO - Filling up the DagBag from /opt/airflow/dags/dag_run_dag.py
[2024-12-28T15:37:06.211+0000] {processor.py:753} INFO - DAG(s) dict_keys(['dag_group']) retrieved from /opt/airflow/dags/dag_run_dag.py
[2024-12-28T15:37:06.446+0000] {logging_mixin.py:137} INFO - [2024-12-28T15:37:06.446+0000] {manager.py:504} INFO - Created Permission View: can edit on DAG:dag_group
[2024-12-28T15:37:06.465+0000] {logging_mixin.py:137} INFO - [2024-12-28T15:37:06.465+0000] {manager.py:504} INFO - Created Permission View: can delete on DAG:dag_group
[2024-12-28T15:37:06.481+0000] {logging_mixin.py:137} INFO - [2024-12-28T15:37:06.481+0000] {manager.py:504} INFO - Created Permission View: can read on DAG:dag_group
[2024-12-28T15:37:06.482+0000] {logging_mixin.py:137} INFO - [2024-12-28T15:37:06.481+0000] {dag.py:2690} INFO - Sync 1 DAGs
[2024-12-28T15:37:06.510+0000] {logging_mixin.py:137} INFO - [2024-12-28T15:37:06.509+0000] {dag.py:2711} INFO - Creating ORM DAG for dag_group
[2024-12-28T15:37:06.532+0000] {logging_mixin.py:137} INFO - [2024-12-28T15:37:06.532+0000] {dag.py:3441} INFO - Setting next_dagrun for dag_group to None, run_after=None
[2024-12-28T15:37:06.566+0000] {processor.py:175} INFO - Processing /opt/airflow/dags/dag_run_dag.py took 0.400 seconds
[2024-12-28T15:37:11.658+0000] {processor.py:153} INFO - Started process (PID=10615) to work on /opt/airflow/dags/dag_run_dag.py
[2024-12-28T15:37:11.659+0000] {processor.py:743} INFO - Processing file /opt/airflow/dags/dag_run_dag.py for tasks to queue
[2024-12-28T15:37:11.660+0000] {logging_mixin.py:137} INFO - [2024-12-28T15:37:11.660+0000] {dagbag.py:538} INFO - Filling up the DagBag from /opt/airflow/dags/dag_run_dag.py
[2024-12-28T15:37:11.689+0000] {processor.py:753} INFO - DAG(s) dict_keys(['dag_group']) retrieved from /opt/airflow/dags/dag_run_dag.py
[2024-12-28T15:37:11.710+0000] {logging_mixin.py:137} INFO - [2024-12-28T15:37:11.710+0000] {dag.py:2690} INFO - Sync 1 DAGs
[2024-12-28T15:37:11.754+0000] {logging_mixin.py:137} INFO - [2024-12-28T15:37:11.754+0000] {dag.py:3441} INFO - Setting next_dagrun for dag_group to None, run_after=None
[2024-12-28T15:37:11.788+0000] {processor.py:175} INFO - Processing /opt/airflow/dags/dag_run_dag.py took 0.135 seconds
[2024-12-28T15:37:16.979+0000] {processor.py:153} INFO - Started process (PID=10625) to work on /opt/airflow/dags/dag_run_dag.py
[2024-12-28T15:37:16.981+0000] {processor.py:743} INFO - Processing file /opt/airflow/dags/dag_run_dag.py for tasks to queue
[2024-12-28T15:37:16.983+0000] {logging_mixin.py:137} INFO - [2024-12-28T15:37:16.983+0000] {dagbag.py:538} INFO - Filling up the DagBag from /opt/airflow/dags/dag_run_dag.py
[2024-12-28T15:37:17.026+0000] {processor.py:753} INFO - DAG(s) dict_keys(['dag_group']) retrieved from /opt/airflow/dags/dag_run_dag.py
[2024-12-28T15:37:17.052+0000] {logging_mixin.py:137} INFO - [2024-12-28T15:37:17.052+0000] {dag.py:2690} INFO - Sync 1 DAGs
[2024-12-28T15:37:17.127+0000] {logging_mixin.py:137} INFO - [2024-12-28T15:37:17.127+0000] {dag.py:3441} INFO - Setting next_dagrun for dag_group to None, run_after=None
[2024-12-28T15:37:17.188+0000] {processor.py:175} INFO - Processing /opt/airflow/dags/dag_run_dag.py took 0.216 seconds
[2024-12-28T15:37:22.256+0000] {processor.py:153} INFO - Started process (PID=10643) to work on /opt/airflow/dags/dag_run_dag.py
[2024-12-28T15:37:22.258+0000] {processor.py:743} INFO - Processing file /opt/airflow/dags/dag_run_dag.py for tasks to queue
[2024-12-28T15:37:22.258+0000] {logging_mixin.py:137} INFO - [2024-12-28T15:37:22.258+0000] {dagbag.py:538} INFO - Filling up the DagBag from /opt/airflow/dags/dag_run_dag.py
[2024-12-28T15:37:22.285+0000] {processor.py:753} INFO - DAG(s) dict_keys(['dag_group']) retrieved from /opt/airflow/dags/dag_run_dag.py
[2024-12-28T15:37:22.308+0000] {logging_mixin.py:137} INFO - [2024-12-28T15:37:22.308+0000] {dag.py:2690} INFO - Sync 1 DAGs
[2024-12-28T15:37:22.355+0000] {logging_mixin.py:137} INFO - [2024-12-28T15:37:22.355+0000] {dag.py:3441} INFO - Setting next_dagrun for dag_group to None, run_after=None
[2024-12-28T15:37:22.398+0000] {processor.py:175} INFO - Processing /opt/airflow/dags/dag_run_dag.py took 0.148 seconds
[2024-12-28T15:37:27.637+0000] {processor.py:153} INFO - Started process (PID=10660) to work on /opt/airflow/dags/dag_run_dag.py
[2024-12-28T15:37:27.639+0000] {processor.py:743} INFO - Processing file /opt/airflow/dags/dag_run_dag.py for tasks to queue
[2024-12-28T15:37:27.640+0000] {logging_mixin.py:137} INFO - [2024-12-28T15:37:27.640+0000] {dagbag.py:538} INFO - Filling up the DagBag from /opt/airflow/dags/dag_run_dag.py
[2024-12-28T15:37:27.671+0000] {processor.py:753} INFO - DAG(s) dict_keys(['dag_group']) retrieved from /opt/airflow/dags/dag_run_dag.py
[2024-12-28T15:37:27.696+0000] {logging_mixin.py:137} INFO - [2024-12-28T15:37:27.696+0000] {dag.py:2690} INFO - Sync 1 DAGs
[2024-12-28T15:37:27.745+0000] {logging_mixin.py:137} INFO - [2024-12-28T15:37:27.745+0000] {dag.py:3441} INFO - Setting next_dagrun for dag_group to None, run_after=None
[2024-12-28T15:37:27.785+0000] {processor.py:175} INFO - Processing /opt/airflow/dags/dag_run_dag.py took 0.155 seconds
[2024-12-28T15:37:32.993+0000] {processor.py:153} INFO - Started process (PID=10671) to work on /opt/airflow/dags/dag_run_dag.py
[2024-12-28T15:37:32.994+0000] {processor.py:743} INFO - Processing file /opt/airflow/dags/dag_run_dag.py for tasks to queue
[2024-12-28T15:37:32.996+0000] {logging_mixin.py:137} INFO - [2024-12-28T15:37:32.995+0000] {dagbag.py:538} INFO - Filling up the DagBag from /opt/airflow/dags/dag_run_dag.py
[2024-12-28T15:37:33.039+0000] {processor.py:753} INFO - DAG(s) dict_keys(['dag_group']) retrieved from /opt/airflow/dags/dag_run_dag.py
[2024-12-28T15:37:33.070+0000] {logging_mixin.py:137} INFO - [2024-12-28T15:37:33.069+0000] {dag.py:2690} INFO - Sync 1 DAGs
[2024-12-28T15:37:33.149+0000] {logging_mixin.py:137} INFO - [2024-12-28T15:37:33.149+0000] {dag.py:3441} INFO - Setting next_dagrun for dag_group to None, run_after=None
[2024-12-28T15:37:33.196+0000] {processor.py:175} INFO - Processing /opt/airflow/dags/dag_run_dag.py took 0.211 seconds
[2024-12-28T15:37:38.319+0000] {processor.py:153} INFO - Started process (PID=10690) to work on /opt/airflow/dags/dag_run_dag.py
[2024-12-28T15:37:38.320+0000] {processor.py:743} INFO - Processing file /opt/airflow/dags/dag_run_dag.py for tasks to queue
[2024-12-28T15:37:38.321+0000] {logging_mixin.py:137} INFO - [2024-12-28T15:37:38.321+0000] {dagbag.py:538} INFO - Filling up the DagBag from /opt/airflow/dags/dag_run_dag.py
[2024-12-28T15:37:38.350+0000] {processor.py:753} INFO - DAG(s) dict_keys(['dag_group']) retrieved from /opt/airflow/dags/dag_run_dag.py
[2024-12-28T15:37:38.397+0000] {logging_mixin.py:137} INFO - [2024-12-28T15:37:38.397+0000] {dag.py:2690} INFO - Sync 1 DAGs
[2024-12-28T15:37:38.461+0000] {logging_mixin.py:137} INFO - [2024-12-28T15:37:38.461+0000] {dag.py:3441} INFO - Setting next_dagrun for dag_group to None, run_after=None
[2024-12-28T15:37:38.515+0000] {processor.py:175} INFO - Processing /opt/airflow/dags/dag_run_dag.py took 0.202 seconds
[2024-12-28T15:37:43.682+0000] {processor.py:153} INFO - Started process (PID=10707) to work on /opt/airflow/dags/dag_run_dag.py
[2024-12-28T15:37:43.683+0000] {processor.py:743} INFO - Processing file /opt/airflow/dags/dag_run_dag.py for tasks to queue
[2024-12-28T15:37:43.685+0000] {logging_mixin.py:137} INFO - [2024-12-28T15:37:43.684+0000] {dagbag.py:538} INFO - Filling up the DagBag from /opt/airflow/dags/dag_run_dag.py
[2024-12-28T15:37:43.719+0000] {processor.py:753} INFO - DAG(s) dict_keys(['dag_group']) retrieved from /opt/airflow/dags/dag_run_dag.py
[2024-12-28T15:37:43.750+0000] {logging_mixin.py:137} INFO - [2024-12-28T15:37:43.749+0000] {dag.py:2690} INFO - Sync 1 DAGs
[2024-12-28T15:37:43.811+0000] {logging_mixin.py:137} INFO - [2024-12-28T15:37:43.811+0000] {dag.py:3441} INFO - Setting next_dagrun for dag_group to None, run_after=None
[2024-12-28T15:37:43.863+0000] {processor.py:175} INFO - Processing /opt/airflow/dags/dag_run_dag.py took 0.190 seconds
[2024-12-28T15:37:48.986+0000] {processor.py:153} INFO - Started process (PID=10717) to work on /opt/airflow/dags/dag_run_dag.py
[2024-12-28T15:37:48.987+0000] {processor.py:743} INFO - Processing file /opt/airflow/dags/dag_run_dag.py for tasks to queue
[2024-12-28T15:37:48.988+0000] {logging_mixin.py:137} INFO - [2024-12-28T15:37:48.987+0000] {dagbag.py:538} INFO - Filling up the DagBag from /opt/airflow/dags/dag_run_dag.py
[2024-12-28T15:37:49.016+0000] {processor.py:753} INFO - DAG(s) dict_keys(['dag_group']) retrieved from /opt/airflow/dags/dag_run_dag.py
[2024-12-28T15:37:49.043+0000] {logging_mixin.py:137} INFO - [2024-12-28T15:37:49.042+0000] {dag.py:2690} INFO - Sync 1 DAGs
[2024-12-28T15:37:49.092+0000] {logging_mixin.py:137} INFO - [2024-12-28T15:37:49.092+0000] {dag.py:3441} INFO - Setting next_dagrun for dag_group to None, run_after=None
[2024-12-28T15:37:49.129+0000] {processor.py:175} INFO - Processing /opt/airflow/dags/dag_run_dag.py took 0.149 seconds
[2024-12-28T15:37:54.757+0000] {processor.py:153} INFO - Started process (PID=10743) to work on /opt/airflow/dags/dag_run_dag.py
[2024-12-28T15:37:54.759+0000] {processor.py:743} INFO - Processing file /opt/airflow/dags/dag_run_dag.py for tasks to queue
[2024-12-28T15:37:54.760+0000] {logging_mixin.py:137} INFO - [2024-12-28T15:37:54.760+0000] {dagbag.py:538} INFO - Filling up the DagBag from /opt/airflow/dags/dag_run_dag.py
[2024-12-28T15:37:54.790+0000] {processor.py:753} INFO - DAG(s) dict_keys(['dag_group']) retrieved from /opt/airflow/dags/dag_run_dag.py
[2024-12-28T15:37:54.815+0000] {logging_mixin.py:137} INFO - [2024-12-28T15:37:54.814+0000] {dag.py:2690} INFO - Sync 1 DAGs
[2024-12-28T15:37:54.876+0000] {logging_mixin.py:137} INFO - [2024-12-28T15:37:54.876+0000] {dag.py:3441} INFO - Setting next_dagrun for dag_group to None, run_after=None
[2024-12-28T15:37:54.921+0000] {processor.py:175} INFO - Processing /opt/airflow/dags/dag_run_dag.py took 0.171 seconds
[2024-12-28T15:38:00.448+0000] {processor.py:153} INFO - Started process (PID=10753) to work on /opt/airflow/dags/dag_run_dag.py
[2024-12-28T15:38:00.449+0000] {processor.py:743} INFO - Processing file /opt/airflow/dags/dag_run_dag.py for tasks to queue
[2024-12-28T15:38:00.450+0000] {logging_mixin.py:137} INFO - [2024-12-28T15:38:00.450+0000] {dagbag.py:538} INFO - Filling up the DagBag from /opt/airflow/dags/dag_run_dag.py
[2024-12-28T15:38:00.478+0000] {processor.py:753} INFO - DAG(s) dict_keys(['dag_group']) retrieved from /opt/airflow/dags/dag_run_dag.py
[2024-12-28T15:38:00.504+0000] {logging_mixin.py:137} INFO - [2024-12-28T15:38:00.503+0000] {dag.py:2690} INFO - Sync 1 DAGs
[2024-12-28T15:38:00.595+0000] {logging_mixin.py:137} INFO - [2024-12-28T15:38:00.594+0000] {dag.py:3441} INFO - Setting next_dagrun for dag_group to None, run_after=None
[2024-12-28T15:38:00.645+0000] {processor.py:175} INFO - Processing /opt/airflow/dags/dag_run_dag.py took 0.202 seconds
[2024-12-28T15:38:06.404+0000] {processor.py:153} INFO - Started process (PID=10772) to work on /opt/airflow/dags/dag_run_dag.py
[2024-12-28T15:38:06.405+0000] {processor.py:743} INFO - Processing file /opt/airflow/dags/dag_run_dag.py for tasks to queue
[2024-12-28T15:38:06.406+0000] {logging_mixin.py:137} INFO - [2024-12-28T15:38:06.405+0000] {dagbag.py:538} INFO - Filling up the DagBag from /opt/airflow/dags/dag_run_dag.py
[2024-12-28T15:38:06.434+0000] {processor.py:753} INFO - DAG(s) dict_keys(['dag_group']) retrieved from /opt/airflow/dags/dag_run_dag.py
[2024-12-28T15:38:06.460+0000] {logging_mixin.py:137} INFO - [2024-12-28T15:38:06.460+0000] {dag.py:2690} INFO - Sync 1 DAGs
[2024-12-28T15:38:06.520+0000] {logging_mixin.py:137} INFO - [2024-12-28T15:38:06.520+0000] {dag.py:3441} INFO - Setting next_dagrun for dag_group to None, run_after=None
[2024-12-28T15:38:06.555+0000] {processor.py:175} INFO - Processing /opt/airflow/dags/dag_run_dag.py took 0.157 seconds
[2024-12-28T15:38:12.302+0000] {processor.py:153} INFO - Started process (PID=10789) to work on /opt/airflow/dags/dag_run_dag.py
[2024-12-28T15:38:12.303+0000] {processor.py:743} INFO - Processing file /opt/airflow/dags/dag_run_dag.py for tasks to queue
[2024-12-28T15:38:12.304+0000] {logging_mixin.py:137} INFO - [2024-12-28T15:38:12.304+0000] {dagbag.py:538} INFO - Filling up the DagBag from /opt/airflow/dags/dag_run_dag.py
[2024-12-28T15:38:12.333+0000] {processor.py:753} INFO - DAG(s) dict_keys(['dag_group']) retrieved from /opt/airflow/dags/dag_run_dag.py
[2024-12-28T15:38:12.489+0000] {logging_mixin.py:137} INFO - [2024-12-28T15:38:12.489+0000] {dag.py:2690} INFO - Sync 1 DAGs
[2024-12-28T15:38:12.538+0000] {logging_mixin.py:137} INFO - [2024-12-28T15:38:12.538+0000] {dag.py:3441} INFO - Setting next_dagrun for dag_group to None, run_after=None
[2024-12-28T15:38:12.584+0000] {processor.py:175} INFO - Processing /opt/airflow/dags/dag_run_dag.py took 0.288 seconds
[2024-12-28T15:38:18.376+0000] {processor.py:153} INFO - Started process (PID=10799) to work on /opt/airflow/dags/dag_run_dag.py
[2024-12-28T15:38:18.377+0000] {processor.py:743} INFO - Processing file /opt/airflow/dags/dag_run_dag.py for tasks to queue
[2024-12-28T15:38:18.378+0000] {logging_mixin.py:137} INFO - [2024-12-28T15:38:18.378+0000] {dagbag.py:538} INFO - Filling up the DagBag from /opt/airflow/dags/dag_run_dag.py
[2024-12-28T15:38:18.411+0000] {processor.py:753} INFO - DAG(s) dict_keys(['dag_group']) retrieved from /opt/airflow/dags/dag_run_dag.py
[2024-12-28T15:38:18.441+0000] {logging_mixin.py:137} INFO - [2024-12-28T15:38:18.441+0000] {dag.py:2690} INFO - Sync 1 DAGs
[2024-12-28T15:38:18.518+0000] {logging_mixin.py:137} INFO - [2024-12-28T15:38:18.518+0000] {dag.py:3441} INFO - Setting next_dagrun for dag_group to None, run_after=None
[2024-12-28T15:38:18.564+0000] {processor.py:175} INFO - Processing /opt/airflow/dags/dag_run_dag.py took 0.195 seconds
[2024-12-28T15:38:24.337+0000] {processor.py:153} INFO - Started process (PID=10825) to work on /opt/airflow/dags/dag_run_dag.py
[2024-12-28T15:38:24.338+0000] {processor.py:743} INFO - Processing file /opt/airflow/dags/dag_run_dag.py for tasks to queue
[2024-12-28T15:38:24.340+0000] {logging_mixin.py:137} INFO - [2024-12-28T15:38:24.339+0000] {dagbag.py:538} INFO - Filling up the DagBag from /opt/airflow/dags/dag_run_dag.py
[2024-12-28T15:38:24.382+0000] {processor.py:753} INFO - DAG(s) dict_keys(['dag_group']) retrieved from /opt/airflow/dags/dag_run_dag.py
[2024-12-28T15:38:24.413+0000] {logging_mixin.py:137} INFO - [2024-12-28T15:38:24.413+0000] {dag.py:2690} INFO - Sync 1 DAGs
[2024-12-28T15:38:24.472+0000] {logging_mixin.py:137} INFO - [2024-12-28T15:38:24.472+0000] {dag.py:3441} INFO - Setting next_dagrun for dag_group to None, run_after=None
[2024-12-28T15:38:24.521+0000] {processor.py:175} INFO - Processing /opt/airflow/dags/dag_run_dag.py took 0.193 seconds
[2024-12-28T15:38:29.590+0000] {processor.py:153} INFO - Started process (PID=10835) to work on /opt/airflow/dags/dag_run_dag.py
[2024-12-28T15:38:29.591+0000] {processor.py:743} INFO - Processing file /opt/airflow/dags/dag_run_dag.py for tasks to queue
[2024-12-28T15:38:29.592+0000] {logging_mixin.py:137} INFO - [2024-12-28T15:38:29.592+0000] {dagbag.py:538} INFO - Filling up the DagBag from /opt/airflow/dags/dag_run_dag.py
[2024-12-28T15:38:29.619+0000] {processor.py:753} INFO - DAG(s) dict_keys(['dag_group']) retrieved from /opt/airflow/dags/dag_run_dag.py
[2024-12-28T15:38:29.641+0000] {logging_mixin.py:137} INFO - [2024-12-28T15:38:29.641+0000] {dag.py:2690} INFO - Sync 1 DAGs
[2024-12-28T15:38:29.687+0000] {logging_mixin.py:137} INFO - [2024-12-28T15:38:29.687+0000] {dag.py:3441} INFO - Setting next_dagrun for dag_group to None, run_after=None
[2024-12-28T15:38:29.727+0000] {processor.py:175} INFO - Processing /opt/airflow/dags/dag_run_dag.py took 0.142 seconds
[2024-12-28T15:38:34.803+0000] {processor.py:153} INFO - Started process (PID=10852) to work on /opt/airflow/dags/dag_run_dag.py
[2024-12-28T15:38:34.807+0000] {processor.py:743} INFO - Processing file /opt/airflow/dags/dag_run_dag.py for tasks to queue
[2024-12-28T15:38:34.808+0000] {logging_mixin.py:137} INFO - [2024-12-28T15:38:34.808+0000] {dagbag.py:538} INFO - Filling up the DagBag from /opt/airflow/dags/dag_run_dag.py
[2024-12-28T15:38:34.838+0000] {processor.py:753} INFO - DAG(s) dict_keys(['dag_group']) retrieved from /opt/airflow/dags/dag_run_dag.py
[2024-12-28T15:38:34.863+0000] {logging_mixin.py:137} INFO - [2024-12-28T15:38:34.863+0000] {dag.py:2690} INFO - Sync 1 DAGs
[2024-12-28T15:38:34.942+0000] {logging_mixin.py:137} INFO - [2024-12-28T15:38:34.942+0000] {dag.py:3441} INFO - Setting next_dagrun for dag_group to None, run_after=None
[2024-12-28T15:38:34.988+0000] {processor.py:175} INFO - Processing /opt/airflow/dags/dag_run_dag.py took 0.190 seconds
[2024-12-28T15:38:40.218+0000] {processor.py:153} INFO - Started process (PID=10871) to work on /opt/airflow/dags/dag_run_dag.py
[2024-12-28T15:38:40.219+0000] {processor.py:743} INFO - Processing file /opt/airflow/dags/dag_run_dag.py for tasks to queue
[2024-12-28T15:38:40.221+0000] {logging_mixin.py:137} INFO - [2024-12-28T15:38:40.220+0000] {dagbag.py:538} INFO - Filling up the DagBag from /opt/airflow/dags/dag_run_dag.py
[2024-12-28T15:38:40.251+0000] {processor.py:753} INFO - DAG(s) dict_keys(['dag_group']) retrieved from /opt/airflow/dags/dag_run_dag.py
[2024-12-28T15:38:40.274+0000] {logging_mixin.py:137} INFO - [2024-12-28T15:38:40.273+0000] {dag.py:2690} INFO - Sync 1 DAGs
[2024-12-28T15:38:40.324+0000] {logging_mixin.py:137} INFO - [2024-12-28T15:38:40.324+0000] {dag.py:3441} INFO - Setting next_dagrun for dag_group to None, run_after=None
[2024-12-28T15:38:40.361+0000] {processor.py:175} INFO - Processing /opt/airflow/dags/dag_run_dag.py took 0.148 seconds
[2024-12-28T15:38:45.534+0000] {processor.py:153} INFO - Started process (PID=10881) to work on /opt/airflow/dags/dag_run_dag.py
[2024-12-28T15:38:45.538+0000] {processor.py:743} INFO - Processing file /opt/airflow/dags/dag_run_dag.py for tasks to queue
[2024-12-28T15:38:45.539+0000] {logging_mixin.py:137} INFO - [2024-12-28T15:38:45.539+0000] {dagbag.py:538} INFO - Filling up the DagBag from /opt/airflow/dags/dag_run_dag.py
[2024-12-28T15:38:45.568+0000] {processor.py:753} INFO - DAG(s) dict_keys(['dag_group']) retrieved from /opt/airflow/dags/dag_run_dag.py
[2024-12-28T15:38:45.630+0000] {logging_mixin.py:137} INFO - [2024-12-28T15:38:45.630+0000] {dag.py:2690} INFO - Sync 1 DAGs
[2024-12-28T15:38:45.694+0000] {logging_mixin.py:137} INFO - [2024-12-28T15:38:45.694+0000] {dag.py:3441} INFO - Setting next_dagrun for dag_group to None, run_after=None
[2024-12-28T15:38:45.741+0000] {processor.py:175} INFO - Processing /opt/airflow/dags/dag_run_dag.py took 0.214 seconds
[2024-12-28T15:38:50.787+0000] {processor.py:153} INFO - Started process (PID=10900) to work on /opt/airflow/dags/dag_run_dag.py
[2024-12-28T15:38:50.789+0000] {processor.py:743} INFO - Processing file /opt/airflow/dags/dag_run_dag.py for tasks to queue
[2024-12-28T15:38:50.790+0000] {logging_mixin.py:137} INFO - [2024-12-28T15:38:50.790+0000] {dagbag.py:538} INFO - Filling up the DagBag from /opt/airflow/dags/dag_run_dag.py
[2024-12-28T15:38:50.820+0000] {processor.py:753} INFO - DAG(s) dict_keys(['dag_group']) retrieved from /opt/airflow/dags/dag_run_dag.py
[2024-12-28T15:38:50.849+0000] {logging_mixin.py:137} INFO - [2024-12-28T15:38:50.848+0000] {dag.py:2690} INFO - Sync 1 DAGs
[2024-12-28T15:38:50.909+0000] {logging_mixin.py:137} INFO - [2024-12-28T15:38:50.909+0000] {dag.py:3441} INFO - Setting next_dagrun for dag_group to None, run_after=None
[2024-12-28T15:38:50.946+0000] {processor.py:175} INFO - Processing /opt/airflow/dags/dag_run_dag.py took 0.165 seconds
[2024-12-28T15:38:56.158+0000] {processor.py:153} INFO - Started process (PID=10917) to work on /opt/airflow/dags/dag_run_dag.py
[2024-12-28T15:38:56.162+0000] {processor.py:743} INFO - Processing file /opt/airflow/dags/dag_run_dag.py for tasks to queue
[2024-12-28T15:38:56.163+0000] {logging_mixin.py:137} INFO - [2024-12-28T15:38:56.162+0000] {dagbag.py:538} INFO - Filling up the DagBag from /opt/airflow/dags/dag_run_dag.py
[2024-12-28T15:38:56.197+0000] {processor.py:753} INFO - DAG(s) dict_keys(['dag_group']) retrieved from /opt/airflow/dags/dag_run_dag.py
[2024-12-28T15:38:56.225+0000] {logging_mixin.py:137} INFO - [2024-12-28T15:38:56.224+0000] {dag.py:2690} INFO - Sync 1 DAGs
[2024-12-28T15:38:56.289+0000] {logging_mixin.py:137} INFO - [2024-12-28T15:38:56.289+0000] {dag.py:3441} INFO - Setting next_dagrun for dag_group to None, run_after=None
[2024-12-28T15:38:56.335+0000] {processor.py:175} INFO - Processing /opt/airflow/dags/dag_run_dag.py took 0.185 seconds
[2024-12-28T15:39:01.500+0000] {processor.py:153} INFO - Started process (PID=10927) to work on /opt/airflow/dags/dag_run_dag.py
[2024-12-28T15:39:01.501+0000] {processor.py:743} INFO - Processing file /opt/airflow/dags/dag_run_dag.py for tasks to queue
[2024-12-28T15:39:01.503+0000] {logging_mixin.py:137} INFO - [2024-12-28T15:39:01.503+0000] {dagbag.py:538} INFO - Filling up the DagBag from /opt/airflow/dags/dag_run_dag.py
[2024-12-28T15:39:01.536+0000] {processor.py:753} INFO - DAG(s) dict_keys(['dag_group']) retrieved from /opt/airflow/dags/dag_run_dag.py
[2024-12-28T15:39:01.563+0000] {logging_mixin.py:137} INFO - [2024-12-28T15:39:01.563+0000] {dag.py:2690} INFO - Sync 1 DAGs
[2024-12-28T15:39:01.626+0000] {logging_mixin.py:137} INFO - [2024-12-28T15:39:01.625+0000] {dag.py:3441} INFO - Setting next_dagrun for dag_group to None, run_after=None
[2024-12-28T15:39:01.671+0000] {processor.py:175} INFO - Processing /opt/airflow/dags/dag_run_dag.py took 0.178 seconds
[2024-12-28T15:39:06.926+0000] {processor.py:153} INFO - Started process (PID=10946) to work on /opt/airflow/dags/dag_run_dag.py
[2024-12-28T15:39:06.927+0000] {processor.py:743} INFO - Processing file /opt/airflow/dags/dag_run_dag.py for tasks to queue
[2024-12-28T15:39:06.928+0000] {logging_mixin.py:137} INFO - [2024-12-28T15:39:06.928+0000] {dagbag.py:538} INFO - Filling up the DagBag from /opt/airflow/dags/dag_run_dag.py
[2024-12-28T15:39:06.961+0000] {processor.py:753} INFO - DAG(s) dict_keys(['dag_group']) retrieved from /opt/airflow/dags/dag_run_dag.py
[2024-12-28T15:39:06.987+0000] {logging_mixin.py:137} INFO - [2024-12-28T15:39:06.987+0000] {dag.py:2690} INFO - Sync 1 DAGs
[2024-12-28T15:39:07.062+0000] {logging_mixin.py:137} INFO - [2024-12-28T15:39:07.062+0000] {dag.py:3441} INFO - Setting next_dagrun for dag_group to None, run_after=None
[2024-12-28T15:39:07.116+0000] {processor.py:175} INFO - Processing /opt/airflow/dags/dag_run_dag.py took 0.198 seconds
[2024-12-28T15:39:12.260+0000] {processor.py:153} INFO - Started process (PID=10963) to work on /opt/airflow/dags/dag_run_dag.py
[2024-12-28T15:39:12.262+0000] {processor.py:743} INFO - Processing file /opt/airflow/dags/dag_run_dag.py for tasks to queue
[2024-12-28T15:39:12.263+0000] {logging_mixin.py:137} INFO - [2024-12-28T15:39:12.263+0000] {dagbag.py:538} INFO - Filling up the DagBag from /opt/airflow/dags/dag_run_dag.py
[2024-12-28T15:39:12.307+0000] {processor.py:753} INFO - DAG(s) dict_keys(['dag_group']) retrieved from /opt/airflow/dags/dag_run_dag.py
[2024-12-28T15:39:12.333+0000] {logging_mixin.py:137} INFO - [2024-12-28T15:39:12.333+0000] {dag.py:2690} INFO - Sync 1 DAGs
[2024-12-28T15:39:12.392+0000] {logging_mixin.py:137} INFO - [2024-12-28T15:39:12.392+0000] {dag.py:3441} INFO - Setting next_dagrun for dag_group to None, run_after=None
[2024-12-28T15:39:12.432+0000] {processor.py:175} INFO - Processing /opt/airflow/dags/dag_run_dag.py took 0.179 seconds
[2024-12-28T15:39:18.199+0000] {processor.py:153} INFO - Started process (PID=10973) to work on /opt/airflow/dags/dag_run_dag.py
[2024-12-28T15:39:18.200+0000] {processor.py:743} INFO - Processing file /opt/airflow/dags/dag_run_dag.py for tasks to queue
[2024-12-28T15:39:18.202+0000] {logging_mixin.py:137} INFO - [2024-12-28T15:39:18.201+0000] {dagbag.py:538} INFO - Filling up the DagBag from /opt/airflow/dags/dag_run_dag.py
[2024-12-28T15:39:18.234+0000] {processor.py:753} INFO - DAG(s) dict_keys(['dag_group']) retrieved from /opt/airflow/dags/dag_run_dag.py
[2024-12-28T15:39:18.394+0000] {logging_mixin.py:137} INFO - [2024-12-28T15:39:18.394+0000] {dag.py:2690} INFO - Sync 1 DAGs
[2024-12-28T15:39:18.445+0000] {logging_mixin.py:137} INFO - [2024-12-28T15:39:18.445+0000] {dag.py:3441} INFO - Setting next_dagrun for dag_group to None, run_after=None
[2024-12-28T15:39:18.486+0000] {processor.py:175} INFO - Processing /opt/airflow/dags/dag_run_dag.py took 0.293 seconds
