[2024-12-28T15:54:20.590+0000] {taskinstance.py:1083} INFO - Dependencies all met for <TaskInstance: dag_group.tsk6 manual__2024-12-28T15:53:57.270479+00:00 [queued]>
[2024-12-28T15:54:20.616+0000] {taskinstance.py:1083} INFO - Dependencies all met for <TaskInstance: dag_group.tsk6 manual__2024-12-28T15:53:57.270479+00:00 [queued]>
[2024-12-28T15:54:20.617+0000] {taskinstance.py:1279} INFO - 
--------------------------------------------------------------------------------
[2024-12-28T15:54:20.617+0000] {taskinstance.py:1280} INFO - Starting attempt 1 of 1
[2024-12-28T15:54:20.617+0000] {taskinstance.py:1281} INFO - 
--------------------------------------------------------------------------------
[2024-12-28T15:54:20.648+0000] {taskinstance.py:1300} INFO - Executing <Task(BashOperator): tsk6> on 2024-12-28 15:53:57.270479+00:00
[2024-12-28T15:54:20.658+0000] {standard_task_runner.py:55} INFO - Started process 6273 to run task
[2024-12-28T15:54:20.663+0000] {standard_task_runner.py:82} INFO - Running: ['***', 'tasks', 'run', 'dag_group', 'tsk6', 'manual__2024-12-28T15:53:57.270479+00:00', '--job-id', '47', '--raw', '--subdir', 'DAGS_FOLDER/dag_group.py', '--cfg-path', '/tmp/tmplyh55kuc']
[2024-12-28T15:54:20.664+0000] {standard_task_runner.py:83} INFO - Job 47: Subtask tsk6
[2024-12-28T15:54:20.782+0000] {task_command.py:388} INFO - Running <TaskInstance: dag_group.tsk6 manual__2024-12-28T15:53:57.270479+00:00 [running]> on host 2f43a4cf56a6
[2024-12-28T15:54:20.949+0000] {taskinstance.py:1509} INFO - Exporting the following env vars:
AIRFLOW_CTX_DAG_OWNER=***
AIRFLOW_CTX_DAG_ID=dag_group
AIRFLOW_CTX_TASK_ID=tsk6
AIRFLOW_CTX_EXECUTION_DATE=2024-12-28T15:53:57.270479+00:00
AIRFLOW_CTX_TRY_NUMBER=1
AIRFLOW_CTX_DAG_RUN_ID=manual__2024-12-28T15:53:57.270479+00:00
[2024-12-28T15:54:20.952+0000] {subprocess.py:63} INFO - Tmp dir root location: 
 /tmp
[2024-12-28T15:54:20.953+0000] {subprocess.py:75} INFO - Running command: ['/bin/bash', '-c', 'sleep 5']
[2024-12-28T15:54:20.984+0000] {subprocess.py:86} INFO - Output:
[2024-12-28T15:54:25.997+0000] {subprocess.py:97} INFO - Command exited with return code 0
[2024-12-28T15:54:26.072+0000] {taskinstance.py:1323} INFO - Marking task as SUCCESS. dag_id=dag_group, task_id=tsk6, execution_date=20241228T155357, start_date=20241228T155420, end_date=20241228T155426
[2024-12-28T15:54:26.143+0000] {local_task_job.py:208} INFO - Task exited with return code 0
[2024-12-28T15:54:26.231+0000] {taskinstance.py:2578} INFO - 2 downstream tasks scheduled from follow-on schedule check
