[2024-12-29T21:15:12.780+0000] {taskinstance.py:1083} INFO - Dependencies all met for <TaskInstance: default_args.tsk1 scheduled__2024-12-28T20:00:00+00:00 [queued]>
[2024-12-29T21:15:12.808+0000] {taskinstance.py:1083} INFO - Dependencies all met for <TaskInstance: default_args.tsk1 scheduled__2024-12-28T20:00:00+00:00 [queued]>
[2024-12-29T21:15:12.809+0000] {taskinstance.py:1279} INFO - 
--------------------------------------------------------------------------------
[2024-12-29T21:15:12.809+0000] {taskinstance.py:1280} INFO - Starting attempt 1 of 4
[2024-12-29T21:15:12.810+0000] {taskinstance.py:1281} INFO - 
--------------------------------------------------------------------------------
[2024-12-29T21:15:12.859+0000] {taskinstance.py:1300} INFO - Executing <Task(BashOperator): tsk1> on 2024-12-28 20:00:00+00:00
[2024-12-29T21:15:12.878+0000] {standard_task_runner.py:55} INFO - Started process 72 to run task
[2024-12-29T21:15:12.892+0000] {standard_task_runner.py:82} INFO - Running: ['***', 'tasks', 'run', 'default_args', 'tsk1', 'scheduled__2024-12-28T20:00:00+00:00', '--job-id', '72', '--raw', '--subdir', 'DAGS_FOLDER/default_args_dag.py', '--cfg-path', '/tmp/tmpp5t0nwio']
[2024-12-29T21:15:12.893+0000] {standard_task_runner.py:83} INFO - Job 72: Subtask tsk1
[2024-12-29T21:15:13.201+0000] {task_command.py:388} INFO - Running <TaskInstance: default_args.tsk1 scheduled__2024-12-28T20:00:00+00:00 [running]> on host 2f43a4cf56a6
[2024-12-29T21:15:13.613+0000] {taskinstance.py:1509} INFO - Exporting the following env vars:
AIRFLOW_CTX_DAG_EMAIL=test@test.com
AIRFLOW_CTX_DAG_OWNER=***
AIRFLOW_CTX_DAG_ID=default_args
AIRFLOW_CTX_TASK_ID=tsk1
AIRFLOW_CTX_EXECUTION_DATE=2024-12-28T20:00:00+00:00
AIRFLOW_CTX_TRY_NUMBER=1
AIRFLOW_CTX_DAG_RUN_ID=scheduled__2024-12-28T20:00:00+00:00
[2024-12-29T21:15:13.615+0000] {subprocess.py:63} INFO - Tmp dir root location: 
 /tmp
[2024-12-29T21:15:13.627+0000] {subprocess.py:75} INFO - Running command: ['/bin/bash', '-c', 'sleep 5']
[2024-12-29T21:15:13.714+0000] {subprocess.py:86} INFO - Output:
[2024-12-29T21:15:18.751+0000] {subprocess.py:97} INFO - Command exited with return code 0
[2024-12-29T21:15:18.916+0000] {taskinstance.py:1323} INFO - Marking task as SUCCESS. dag_id=default_args, task_id=tsk1, execution_date=20241228T200000, start_date=20241229T211512, end_date=20241229T211518
[2024-12-29T21:15:19.045+0000] {local_task_job.py:208} INFO - Task exited with return code 0
[2024-12-29T21:15:19.282+0000] {taskinstance.py:2578} INFO - 1 downstream tasks scheduled from follow-on schedule check
