[2024-12-28T15:56:21.070+0000] {taskinstance.py:1083} INFO - Dependencies all met for <TaskInstance: dag_run_dag_2.tsk1 manual__2024-12-28T15:56:18.970243+00:00 [queued]>
[2024-12-28T15:56:21.144+0000] {taskinstance.py:1083} INFO - Dependencies all met for <TaskInstance: dag_run_dag_2.tsk1 manual__2024-12-28T15:56:18.970243+00:00 [queued]>
[2024-12-28T15:56:21.145+0000] {taskinstance.py:1279} INFO - 
--------------------------------------------------------------------------------
[2024-12-28T15:56:21.150+0000] {taskinstance.py:1280} INFO - Starting attempt 1 of 1
[2024-12-28T15:56:21.150+0000] {taskinstance.py:1281} INFO - 
--------------------------------------------------------------------------------
[2024-12-28T15:56:21.269+0000] {taskinstance.py:1300} INFO - Executing <Task(BashOperator): tsk1> on 2024-12-28 15:56:18.970243+00:00
[2024-12-28T15:56:21.305+0000] {standard_task_runner.py:55} INFO - Started process 6413 to run task
[2024-12-28T15:56:21.322+0000] {standard_task_runner.py:82} INFO - Running: ['***', 'tasks', 'run', 'dag_run_dag_2', 'tsk1', 'manual__2024-12-28T15:56:18.970243+00:00', '--job-id', '52', '--raw', '--subdir', 'DAGS_FOLDER/dag_run_dag_2.py', '--cfg-path', '/tmp/tmp3ys7ovfi']
[2024-12-28T15:56:21.325+0000] {standard_task_runner.py:83} INFO - Job 52: Subtask tsk1
[2024-12-28T15:56:21.871+0000] {task_command.py:388} INFO - Running <TaskInstance: dag_run_dag_2.tsk1 manual__2024-12-28T15:56:18.970243+00:00 [running]> on host 2f43a4cf56a6
[2024-12-28T15:56:22.224+0000] {taskinstance.py:1509} INFO - Exporting the following env vars:
AIRFLOW_CTX_DAG_OWNER=***
AIRFLOW_CTX_DAG_ID=dag_run_dag_2
AIRFLOW_CTX_TASK_ID=tsk1
AIRFLOW_CTX_EXECUTION_DATE=2024-12-28T15:56:18.970243+00:00
AIRFLOW_CTX_TRY_NUMBER=1
AIRFLOW_CTX_DAG_RUN_ID=manual__2024-12-28T15:56:18.970243+00:00
[2024-12-28T15:56:22.229+0000] {subprocess.py:63} INFO - Tmp dir root location: 
 /tmp
[2024-12-28T15:56:22.230+0000] {subprocess.py:75} INFO - Running command: ['/bin/bash', '-c', 'sleep 5']
[2024-12-28T15:56:22.271+0000] {subprocess.py:86} INFO - Output:
[2024-12-28T15:56:27.292+0000] {subprocess.py:97} INFO - Command exited with return code 0
[2024-12-28T15:56:27.370+0000] {taskinstance.py:1323} INFO - Marking task as SUCCESS. dag_id=dag_run_dag_2, task_id=tsk1, execution_date=20241228T155618, start_date=20241228T155621, end_date=20241228T155627
[2024-12-28T15:56:27.417+0000] {local_task_job.py:208} INFO - Task exited with return code 0
[2024-12-28T15:56:27.477+0000] {taskinstance.py:2578} INFO - 1 downstream tasks scheduled from follow-on schedule check
