[2024-12-29T21:15:12.741+0000] {taskinstance.py:1083} INFO - Dependencies all met for <TaskInstance: default_args.tsk1 scheduled__2024-12-29T20:00:00+00:00 [queued]>
[2024-12-29T21:15:12.794+0000] {taskinstance.py:1083} INFO - Dependencies all met for <TaskInstance: default_args.tsk1 scheduled__2024-12-29T20:00:00+00:00 [queued]>
[2024-12-29T21:15:12.795+0000] {taskinstance.py:1279} INFO - 
--------------------------------------------------------------------------------
[2024-12-29T21:15:12.795+0000] {taskinstance.py:1280} INFO - Starting attempt 1 of 4
[2024-12-29T21:15:12.796+0000] {taskinstance.py:1281} INFO - 
--------------------------------------------------------------------------------
[2024-12-29T21:15:12.880+0000] {taskinstance.py:1300} INFO - Executing <Task(BashOperator): tsk1> on 2024-12-29 20:00:00+00:00
[2024-12-29T21:15:12.919+0000] {standard_task_runner.py:55} INFO - Started process 73 to run task
[2024-12-29T21:15:12.929+0000] {standard_task_runner.py:82} INFO - Running: ['***', 'tasks', 'run', 'default_args', 'tsk1', 'scheduled__2024-12-29T20:00:00+00:00', '--job-id', '71', '--raw', '--subdir', 'DAGS_FOLDER/default_args_dag.py', '--cfg-path', '/tmp/tmpziy6d6al']
[2024-12-29T21:15:12.930+0000] {standard_task_runner.py:83} INFO - Job 71: Subtask tsk1
[2024-12-29T21:15:13.240+0000] {task_command.py:388} INFO - Running <TaskInstance: default_args.tsk1 scheduled__2024-12-29T20:00:00+00:00 [running]> on host 2f43a4cf56a6
[2024-12-29T21:15:13.556+0000] {taskinstance.py:1509} INFO - Exporting the following env vars:
AIRFLOW_CTX_DAG_EMAIL=test@test.com
AIRFLOW_CTX_DAG_OWNER=***
AIRFLOW_CTX_DAG_ID=default_args
AIRFLOW_CTX_TASK_ID=tsk1
AIRFLOW_CTX_EXECUTION_DATE=2024-12-29T20:00:00+00:00
AIRFLOW_CTX_TRY_NUMBER=1
AIRFLOW_CTX_DAG_RUN_ID=scheduled__2024-12-29T20:00:00+00:00
[2024-12-29T21:15:13.559+0000] {subprocess.py:63} INFO - Tmp dir root location: 
 /tmp
[2024-12-29T21:15:13.560+0000] {subprocess.py:75} INFO - Running command: ['/bin/bash', '-c', 'sleep 5']
[2024-12-29T21:15:13.594+0000] {subprocess.py:86} INFO - Output:
[2024-12-29T21:15:18.622+0000] {subprocess.py:97} INFO - Command exited with return code 0
[2024-12-29T21:15:18.764+0000] {taskinstance.py:1323} INFO - Marking task as SUCCESS. dag_id=default_args, task_id=tsk1, execution_date=20241229T200000, start_date=20241229T211512, end_date=20241229T211518
[2024-12-29T21:15:18.888+0000] {local_task_job.py:208} INFO - Task exited with return code 0
[2024-12-29T21:15:19.084+0000] {taskinstance.py:2578} INFO - 1 downstream tasks scheduled from follow-on schedule check
