[2024-12-28T17:29:21.380+0000] {taskinstance.py:1083} INFO - Dependencies all met for <TaskInstance: default_args.tsk2 scheduled__2024-12-28T16:00:00+00:00 [queued]>
[2024-12-28T17:29:21.409+0000] {taskinstance.py:1083} INFO - Dependencies all met for <TaskInstance: default_args.tsk2 scheduled__2024-12-28T16:00:00+00:00 [queued]>
[2024-12-28T17:29:21.410+0000] {taskinstance.py:1279} INFO - 
--------------------------------------------------------------------------------
[2024-12-28T17:29:21.410+0000] {taskinstance.py:1280} INFO - Starting attempt 1 of 2
[2024-12-28T17:29:21.410+0000] {taskinstance.py:1281} INFO - 
--------------------------------------------------------------------------------
[2024-12-28T17:29:21.456+0000] {taskinstance.py:1300} INFO - Executing <Task(BashOperator): tsk2> on 2024-12-28 16:00:00+00:00
[2024-12-28T17:29:21.472+0000] {standard_task_runner.py:55} INFO - Started process 12577 to run task
[2024-12-28T17:29:21.486+0000] {standard_task_runner.py:82} INFO - Running: ['***', 'tasks', 'run', 'default_args', 'tsk2', 'scheduled__2024-12-28T16:00:00+00:00', '--job-id', '55', '--raw', '--subdir', 'DAGS_FOLDER/default_args_dag.py', '--cfg-path', '/tmp/tmpbp502a2z']
[2024-12-28T17:29:21.488+0000] {standard_task_runner.py:83} INFO - Job 55: Subtask tsk2
[2024-12-28T17:29:22.000+0000] {task_command.py:388} INFO - Running <TaskInstance: default_args.tsk2 scheduled__2024-12-28T16:00:00+00:00 [running]> on host 2f43a4cf56a6
[2024-12-28T17:29:22.442+0000] {taskinstance.py:1509} INFO - Exporting the following env vars:
AIRFLOW_CTX_DAG_EMAIL=test@test.com
AIRFLOW_CTX_DAG_OWNER=***
AIRFLOW_CTX_DAG_ID=default_args
AIRFLOW_CTX_TASK_ID=tsk2
AIRFLOW_CTX_EXECUTION_DATE=2024-12-28T16:00:00+00:00
AIRFLOW_CTX_TRY_NUMBER=1
AIRFLOW_CTX_DAG_RUN_ID=scheduled__2024-12-28T16:00:00+00:00
[2024-12-28T17:29:22.451+0000] {subprocess.py:63} INFO - Tmp dir root location: 
 /tmp
[2024-12-28T17:29:22.453+0000] {subprocess.py:75} INFO - Running command: ['/bin/bash', '-c', 'sleep 5']
[2024-12-28T17:29:22.518+0000] {subprocess.py:86} INFO - Output:
[2024-12-28T17:29:27.535+0000] {subprocess.py:97} INFO - Command exited with return code 0
[2024-12-28T17:29:27.598+0000] {taskinstance.py:1323} INFO - Marking task as SUCCESS. dag_id=default_args, task_id=tsk2, execution_date=20241228T160000, start_date=20241228T172921, end_date=20241228T172927
[2024-12-28T17:29:27.666+0000] {local_task_job.py:208} INFO - Task exited with return code 0
[2024-12-28T17:29:27.747+0000] {taskinstance.py:2578} INFO - 0 downstream tasks scheduled from follow-on schedule check
