[2024-12-28T15:56:10.940+0000] {taskinstance.py:1083} INFO - Dependencies all met for <TaskInstance: dag_run_dag_1.tsk1 manual__2024-12-28T15:56:02.939522+00:00 [queued]>
[2024-12-28T15:56:10.972+0000] {taskinstance.py:1083} INFO - Dependencies all met for <TaskInstance: dag_run_dag_1.tsk1 manual__2024-12-28T15:56:02.939522+00:00 [queued]>
[2024-12-28T15:56:10.972+0000] {taskinstance.py:1279} INFO - 
--------------------------------------------------------------------------------
[2024-12-28T15:56:10.973+0000] {taskinstance.py:1280} INFO - Starting attempt 1 of 1
[2024-12-28T15:56:10.973+0000] {taskinstance.py:1281} INFO - 
--------------------------------------------------------------------------------
[2024-12-28T15:56:11.023+0000] {taskinstance.py:1300} INFO - Executing <Task(BashOperator): tsk1> on 2024-12-28 15:56:02.939522+00:00
[2024-12-28T15:56:11.042+0000] {standard_task_runner.py:55} INFO - Started process 6401 to run task
[2024-12-28T15:56:11.052+0000] {standard_task_runner.py:82} INFO - Running: ['***', 'tasks', 'run', 'dag_run_dag_1', 'tsk1', 'manual__2024-12-28T15:56:02.939522+00:00', '--job-id', '50', '--raw', '--subdir', 'DAGS_FOLDER/dag_run_dag_1.py', '--cfg-path', '/tmp/tmpc5du3ckw']
[2024-12-28T15:56:11.055+0000] {standard_task_runner.py:83} INFO - Job 50: Subtask tsk1
[2024-12-28T15:56:11.292+0000] {task_command.py:388} INFO - Running <TaskInstance: dag_run_dag_1.tsk1 manual__2024-12-28T15:56:02.939522+00:00 [running]> on host 2f43a4cf56a6
[2024-12-28T15:56:11.574+0000] {taskinstance.py:1509} INFO - Exporting the following env vars:
AIRFLOW_CTX_DAG_OWNER=***
AIRFLOW_CTX_DAG_ID=dag_run_dag_1
AIRFLOW_CTX_TASK_ID=tsk1
AIRFLOW_CTX_EXECUTION_DATE=2024-12-28T15:56:02.939522+00:00
AIRFLOW_CTX_TRY_NUMBER=1
AIRFLOW_CTX_DAG_RUN_ID=manual__2024-12-28T15:56:02.939522+00:00
[2024-12-28T15:56:11.576+0000] {subprocess.py:63} INFO - Tmp dir root location: 
 /tmp
[2024-12-28T15:56:11.578+0000] {subprocess.py:75} INFO - Running command: ['/bin/bash', '-c', 'sleep 5']
[2024-12-28T15:56:11.612+0000] {subprocess.py:86} INFO - Output:
[2024-12-28T15:56:16.623+0000] {subprocess.py:97} INFO - Command exited with return code 0
[2024-12-28T15:56:16.680+0000] {taskinstance.py:1323} INFO - Marking task as SUCCESS. dag_id=dag_run_dag_1, task_id=tsk1, execution_date=20241228T155602, start_date=20241228T155610, end_date=20241228T155616
[2024-12-28T15:56:16.751+0000] {local_task_job.py:208} INFO - Task exited with return code 0
[2024-12-28T15:56:16.797+0000] {taskinstance.py:2578} INFO - 1 downstream tasks scheduled from follow-on schedule check
