[2024-12-28T15:54:27.827+0000] {taskinstance.py:1083} INFO - Dependencies all met for <TaskInstance: dag_group.tsk_group.tsk8 manual__2024-12-28T15:53:57.270479+00:00 [queued]>
[2024-12-28T15:54:27.864+0000] {taskinstance.py:1083} INFO - Dependencies all met for <TaskInstance: dag_group.tsk_group.tsk8 manual__2024-12-28T15:53:57.270479+00:00 [queued]>
[2024-12-28T15:54:27.864+0000] {taskinstance.py:1279} INFO - 
--------------------------------------------------------------------------------
[2024-12-28T15:54:27.865+0000] {taskinstance.py:1280} INFO - Starting attempt 1 of 1
[2024-12-28T15:54:27.865+0000] {taskinstance.py:1281} INFO - 
--------------------------------------------------------------------------------
[2024-12-28T15:54:27.935+0000] {taskinstance.py:1300} INFO - Executing <Task(BashOperator): tsk_group.tsk8> on 2024-12-28 15:53:57.270479+00:00
[2024-12-28T15:54:27.969+0000] {standard_task_runner.py:55} INFO - Started process 6287 to run task
[2024-12-28T15:54:28.001+0000] {standard_task_runner.py:82} INFO - Running: ['***', 'tasks', 'run', 'dag_group', 'tsk_group.tsk8', 'manual__2024-12-28T15:53:57.270479+00:00', '--job-id', '49', '--raw', '--subdir', 'DAGS_FOLDER/dag_group.py', '--cfg-path', '/tmp/tmprygdyq0g']
[2024-12-28T15:54:28.002+0000] {standard_task_runner.py:83} INFO - Job 49: Subtask tsk_group.tsk8
[2024-12-28T15:54:28.234+0000] {task_command.py:388} INFO - Running <TaskInstance: dag_group.tsk_group.tsk8 manual__2024-12-28T15:53:57.270479+00:00 [running]> on host 2f43a4cf56a6
[2024-12-28T15:54:28.408+0000] {taskinstance.py:1509} INFO - Exporting the following env vars:
AIRFLOW_CTX_DAG_OWNER=***
AIRFLOW_CTX_DAG_ID=dag_group
AIRFLOW_CTX_TASK_ID=tsk_group.tsk8
AIRFLOW_CTX_EXECUTION_DATE=2024-12-28T15:53:57.270479+00:00
AIRFLOW_CTX_TRY_NUMBER=1
AIRFLOW_CTX_DAG_RUN_ID=manual__2024-12-28T15:53:57.270479+00:00
[2024-12-28T15:54:28.409+0000] {subprocess.py:63} INFO - Tmp dir root location: 
 /tmp
[2024-12-28T15:54:28.410+0000] {subprocess.py:75} INFO - Running command: ['/bin/bash', '-c', 'sleep 5']
[2024-12-28T15:54:28.435+0000] {subprocess.py:86} INFO - Output:
[2024-12-28T15:54:33.448+0000] {subprocess.py:97} INFO - Command exited with return code 0
[2024-12-28T15:54:33.505+0000] {taskinstance.py:1323} INFO - Marking task as SUCCESS. dag_id=dag_group, task_id=tsk_group.tsk8, execution_date=20241228T155357, start_date=20241228T155427, end_date=20241228T155433
[2024-12-28T15:54:33.563+0000] {local_task_job.py:208} INFO - Task exited with return code 0
[2024-12-28T15:54:33.596+0000] {taskinstance.py:2578} INFO - 0 downstream tasks scheduled from follow-on schedule check
