[2024-12-28T15:56:29.448+0000] {taskinstance.py:1083} INFO - Dependencies all met for <TaskInstance: dag_run_dag_2.tsk2 manual__2024-12-28T15:56:18.970243+00:00 [queued]>
[2024-12-28T15:56:29.479+0000] {taskinstance.py:1083} INFO - Dependencies all met for <TaskInstance: dag_run_dag_2.tsk2 manual__2024-12-28T15:56:18.970243+00:00 [queued]>
[2024-12-28T15:56:29.479+0000] {taskinstance.py:1279} INFO - 
--------------------------------------------------------------------------------
[2024-12-28T15:56:29.480+0000] {taskinstance.py:1280} INFO - Starting attempt 1 of 1
[2024-12-28T15:56:29.480+0000] {taskinstance.py:1281} INFO - 
--------------------------------------------------------------------------------
[2024-12-28T15:56:29.524+0000] {taskinstance.py:1300} INFO - Executing <Task(BashOperator): tsk2> on 2024-12-28 15:56:18.970243+00:00
[2024-12-28T15:56:29.533+0000] {standard_task_runner.py:55} INFO - Started process 6425 to run task
[2024-12-28T15:56:29.539+0000] {standard_task_runner.py:82} INFO - Running: ['***', 'tasks', 'run', 'dag_run_dag_2', 'tsk2', 'manual__2024-12-28T15:56:18.970243+00:00', '--job-id', '53', '--raw', '--subdir', 'DAGS_FOLDER/dag_run_dag_2.py', '--cfg-path', '/tmp/tmpqgy09mp3']
[2024-12-28T15:56:29.540+0000] {standard_task_runner.py:83} INFO - Job 53: Subtask tsk2
[2024-12-28T15:56:29.663+0000] {task_command.py:388} INFO - Running <TaskInstance: dag_run_dag_2.tsk2 manual__2024-12-28T15:56:18.970243+00:00 [running]> on host 2f43a4cf56a6
[2024-12-28T15:56:29.820+0000] {taskinstance.py:1509} INFO - Exporting the following env vars:
AIRFLOW_CTX_DAG_OWNER=***
AIRFLOW_CTX_DAG_ID=dag_run_dag_2
AIRFLOW_CTX_TASK_ID=tsk2
AIRFLOW_CTX_EXECUTION_DATE=2024-12-28T15:56:18.970243+00:00
AIRFLOW_CTX_TRY_NUMBER=1
AIRFLOW_CTX_DAG_RUN_ID=manual__2024-12-28T15:56:18.970243+00:00
[2024-12-28T15:56:29.822+0000] {subprocess.py:63} INFO - Tmp dir root location: 
 /tmp
[2024-12-28T15:56:29.824+0000] {subprocess.py:75} INFO - Running command: ['/bin/bash', '-c', 'sleep 5']
[2024-12-28T15:56:29.848+0000] {subprocess.py:86} INFO - Output:
[2024-12-28T15:56:34.859+0000] {subprocess.py:97} INFO - Command exited with return code 0
[2024-12-28T15:56:34.933+0000] {taskinstance.py:1323} INFO - Marking task as SUCCESS. dag_id=dag_run_dag_2, task_id=tsk2, execution_date=20241228T155618, start_date=20241228T155629, end_date=20241228T155634
[2024-12-28T15:56:34.996+0000] {local_task_job.py:208} INFO - Task exited with return code 0
[2024-12-28T15:56:35.044+0000] {taskinstance.py:2578} INFO - 0 downstream tasks scheduled from follow-on schedule check
