[2024-12-29T21:59:51.393+0000] {taskinstance.py:1083} INFO - Dependencies all met for <TaskInstance: xcom_example.tsk1 manual__2024-12-29T21:59:49.952395+00:00 [queued]>
[2024-12-29T21:59:51.429+0000] {taskinstance.py:1083} INFO - Dependencies all met for <TaskInstance: xcom_example.tsk1 manual__2024-12-29T21:59:49.952395+00:00 [queued]>
[2024-12-29T21:59:51.430+0000] {taskinstance.py:1279} INFO - 
--------------------------------------------------------------------------------
[2024-12-29T21:59:51.430+0000] {taskinstance.py:1280} INFO - Starting attempt 1 of 1
[2024-12-29T21:59:51.430+0000] {taskinstance.py:1281} INFO - 
--------------------------------------------------------------------------------
[2024-12-29T21:59:51.478+0000] {taskinstance.py:1300} INFO - Executing <Task(PythonOperator): tsk1> on 2024-12-29 21:59:49.952395+00:00
[2024-12-29T21:59:51.491+0000] {standard_task_runner.py:55} INFO - Started process 3003 to run task
[2024-12-29T21:59:51.499+0000] {standard_task_runner.py:82} INFO - Running: ['***', 'tasks', 'run', 'xcom_example', 'tsk1', 'manual__2024-12-29T21:59:49.952395+00:00', '--job-id', '79', '--raw', '--subdir', 'DAGS_FOLDER/xcom.py', '--cfg-path', '/tmp/tmp7gbgv1s0']
[2024-12-29T21:59:51.502+0000] {standard_task_runner.py:83} INFO - Job 79: Subtask tsk1
[2024-12-29T21:59:51.710+0000] {task_command.py:388} INFO - Running <TaskInstance: xcom_example.tsk1 manual__2024-12-29T21:59:49.952395+00:00 [running]> on host 2f43a4cf56a6
[2024-12-29T21:59:51.931+0000] {taskinstance.py:1509} INFO - Exporting the following env vars:
AIRFLOW_CTX_DAG_OWNER=***
AIRFLOW_CTX_DAG_ID=xcom_example
AIRFLOW_CTX_TASK_ID=tsk1
AIRFLOW_CTX_EXECUTION_DATE=2024-12-29T21:59:49.952395+00:00
AIRFLOW_CTX_TRY_NUMBER=1
AIRFLOW_CTX_DAG_RUN_ID=manual__2024-12-29T21:59:49.952395+00:00
[2024-12-29T21:59:51.971+0000] {python.py:177} INFO - Done. Returned value was: None
[2024-12-29T21:59:51.999+0000] {taskinstance.py:1323} INFO - Marking task as SUCCESS. dag_id=xcom_example, task_id=tsk1, execution_date=20241229T215949, start_date=20241229T215951, end_date=20241229T215951
[2024-12-29T21:59:52.039+0000] {local_task_job.py:208} INFO - Task exited with return code 0
[2024-12-29T21:59:52.102+0000] {taskinstance.py:2578} INFO - 1 downstream tasks scheduled from follow-on schedule check
