[2024-12-28T17:29:13.533+0000] {taskinstance.py:1083} INFO - Dependencies all met for <TaskInstance: default_args.tsk1 scheduled__2024-12-28T16:00:00+00:00 [queued]>
[2024-12-28T17:29:13.564+0000] {taskinstance.py:1083} INFO - Dependencies all met for <TaskInstance: default_args.tsk1 scheduled__2024-12-28T16:00:00+00:00 [queued]>
[2024-12-28T17:29:13.564+0000] {taskinstance.py:1279} INFO - 
--------------------------------------------------------------------------------
[2024-12-28T17:29:13.565+0000] {taskinstance.py:1280} INFO - Starting attempt 1 of 4
[2024-12-28T17:29:13.565+0000] {taskinstance.py:1281} INFO - 
--------------------------------------------------------------------------------
[2024-12-28T17:29:13.598+0000] {taskinstance.py:1300} INFO - Executing <Task(BashOperator): tsk1> on 2024-12-28 16:00:00+00:00
[2024-12-28T17:29:13.607+0000] {standard_task_runner.py:55} INFO - Started process 12557 to run task
[2024-12-28T17:29:13.614+0000] {standard_task_runner.py:82} INFO - Running: ['***', 'tasks', 'run', 'default_args', 'tsk1', 'scheduled__2024-12-28T16:00:00+00:00', '--job-id', '54', '--raw', '--subdir', 'DAGS_FOLDER/default_args_dag.py', '--cfg-path', '/tmp/tmp9mbo34px']
[2024-12-28T17:29:13.615+0000] {standard_task_runner.py:83} INFO - Job 54: Subtask tsk1
[2024-12-28T17:29:13.768+0000] {task_command.py:388} INFO - Running <TaskInstance: default_args.tsk1 scheduled__2024-12-28T16:00:00+00:00 [running]> on host 2f43a4cf56a6
[2024-12-28T17:29:14.007+0000] {taskinstance.py:1509} INFO - Exporting the following env vars:
AIRFLOW_CTX_DAG_EMAIL=test@test.com
AIRFLOW_CTX_DAG_OWNER=***
AIRFLOW_CTX_DAG_ID=default_args
AIRFLOW_CTX_TASK_ID=tsk1
AIRFLOW_CTX_EXECUTION_DATE=2024-12-28T16:00:00+00:00
AIRFLOW_CTX_TRY_NUMBER=1
AIRFLOW_CTX_DAG_RUN_ID=scheduled__2024-12-28T16:00:00+00:00
[2024-12-28T17:29:14.019+0000] {subprocess.py:63} INFO - Tmp dir root location: 
 /tmp
[2024-12-28T17:29:14.020+0000] {subprocess.py:75} INFO - Running command: ['/bin/bash', '-c', 'sleep 5']
[2024-12-28T17:29:14.059+0000] {subprocess.py:86} INFO - Output:
[2024-12-28T17:29:19.087+0000] {subprocess.py:97} INFO - Command exited with return code 0
[2024-12-28T17:29:19.208+0000] {taskinstance.py:1323} INFO - Marking task as SUCCESS. dag_id=default_args, task_id=tsk1, execution_date=20241228T160000, start_date=20241228T172913, end_date=20241228T172919
[2024-12-28T17:29:19.336+0000] {local_task_job.py:208} INFO - Task exited with return code 0
[2024-12-28T17:29:19.660+0000] {taskinstance.py:2578} INFO - 0 downstream tasks scheduled from follow-on schedule check
