[2024-12-28T17:29:21.452+0000] {taskinstance.py:1083} INFO - Dependencies all met for <TaskInstance: default_args.tsk1 manual__2024-12-28T17:29:18.783358+00:00 [queued]>
[2024-12-28T17:29:21.500+0000] {taskinstance.py:1083} INFO - Dependencies all met for <TaskInstance: default_args.tsk1 manual__2024-12-28T17:29:18.783358+00:00 [queued]>
[2024-12-28T17:29:21.501+0000] {taskinstance.py:1279} INFO - 
--------------------------------------------------------------------------------
[2024-12-28T17:29:21.502+0000] {taskinstance.py:1280} INFO - Starting attempt 1 of 4
[2024-12-28T17:29:21.502+0000] {taskinstance.py:1281} INFO - 
--------------------------------------------------------------------------------
[2024-12-28T17:29:21.556+0000] {taskinstance.py:1300} INFO - Executing <Task(BashOperator): tsk1> on 2024-12-28 17:29:18.783358+00:00
[2024-12-28T17:29:21.601+0000] {standard_task_runner.py:55} INFO - Started process 12578 to run task
[2024-12-28T17:29:21.617+0000] {standard_task_runner.py:82} INFO - Running: ['***', 'tasks', 'run', 'default_args', 'tsk1', 'manual__2024-12-28T17:29:18.783358+00:00', '--job-id', '56', '--raw', '--subdir', 'DAGS_FOLDER/default_args_dag.py', '--cfg-path', '/tmp/tmpi3kgriuo']
[2024-12-28T17:29:21.622+0000] {standard_task_runner.py:83} INFO - Job 56: Subtask tsk1
[2024-12-28T17:29:22.086+0000] {task_command.py:388} INFO - Running <TaskInstance: default_args.tsk1 manual__2024-12-28T17:29:18.783358+00:00 [running]> on host 2f43a4cf56a6
[2024-12-28T17:29:22.615+0000] {taskinstance.py:1509} INFO - Exporting the following env vars:
AIRFLOW_CTX_DAG_EMAIL=test@test.com
AIRFLOW_CTX_DAG_OWNER=***
AIRFLOW_CTX_DAG_ID=default_args
AIRFLOW_CTX_TASK_ID=tsk1
AIRFLOW_CTX_EXECUTION_DATE=2024-12-28T17:29:18.783358+00:00
AIRFLOW_CTX_TRY_NUMBER=1
AIRFLOW_CTX_DAG_RUN_ID=manual__2024-12-28T17:29:18.783358+00:00
[2024-12-28T17:29:22.618+0000] {subprocess.py:63} INFO - Tmp dir root location: 
 /tmp
[2024-12-28T17:29:22.625+0000] {subprocess.py:75} INFO - Running command: ['/bin/bash', '-c', 'sleep 5']
[2024-12-28T17:29:22.659+0000] {subprocess.py:86} INFO - Output:
[2024-12-28T17:29:27.673+0000] {subprocess.py:97} INFO - Command exited with return code 0
[2024-12-28T17:29:27.746+0000] {taskinstance.py:1323} INFO - Marking task as SUCCESS. dag_id=default_args, task_id=tsk1, execution_date=20241228T172918, start_date=20241228T172921, end_date=20241228T172927
[2024-12-28T17:29:27.823+0000] {local_task_job.py:208} INFO - Task exited with return code 0
[2024-12-28T17:29:27.901+0000] {taskinstance.py:2578} INFO - 1 downstream tasks scheduled from follow-on schedule check
