[2024-12-28T03:56:14.059+0000] {taskinstance.py:1083} INFO - Dependencies all met for <TaskInstance: trigger_dag_1.tsk1 manual__2024-12-28T03:56:11.885827+00:00 [queued]>
[2024-12-28T03:56:14.092+0000] {taskinstance.py:1083} INFO - Dependencies all met for <TaskInstance: trigger_dag_1.tsk1 manual__2024-12-28T03:56:11.885827+00:00 [queued]>
[2024-12-28T03:56:14.092+0000] {taskinstance.py:1279} INFO - 
--------------------------------------------------------------------------------
[2024-12-28T03:56:14.093+0000] {taskinstance.py:1280} INFO - Starting attempt 1 of 1
[2024-12-28T03:56:14.093+0000] {taskinstance.py:1281} INFO - 
--------------------------------------------------------------------------------
[2024-12-28T03:56:14.139+0000] {taskinstance.py:1300} INFO - Executing <Task(BashOperator): tsk1> on 2024-12-28 03:56:11.885827+00:00
[2024-12-28T03:56:14.153+0000] {standard_task_runner.py:55} INFO - Started process 3723 to run task
[2024-12-28T03:56:14.162+0000] {standard_task_runner.py:82} INFO - Running: ['***', 'tasks', 'run', 'trigger_dag_1', 'tsk1', 'manual__2024-12-28T03:56:11.885827+00:00', '--job-id', '25', '--raw', '--subdir', 'DAGS_FOLDER/triggerDag1.py', '--cfg-path', '/tmp/tmpqp6so6i6']
[2024-12-28T03:56:14.164+0000] {standard_task_runner.py:83} INFO - Job 25: Subtask tsk1
[2024-12-28T03:56:14.340+0000] {task_command.py:388} INFO - Running <TaskInstance: trigger_dag_1.tsk1 manual__2024-12-28T03:56:11.885827+00:00 [running]> on host 2f43a4cf56a6
[2024-12-28T03:56:14.545+0000] {taskinstance.py:1509} INFO - Exporting the following env vars:
AIRFLOW_CTX_DAG_OWNER=***
AIRFLOW_CTX_DAG_ID=trigger_dag_1
AIRFLOW_CTX_TASK_ID=tsk1
AIRFLOW_CTX_EXECUTION_DATE=2024-12-28T03:56:11.885827+00:00
AIRFLOW_CTX_TRY_NUMBER=1
AIRFLOW_CTX_DAG_RUN_ID=manual__2024-12-28T03:56:11.885827+00:00
[2024-12-28T03:56:14.547+0000] {subprocess.py:63} INFO - Tmp dir root location: 
 /tmp
[2024-12-28T03:56:14.550+0000] {subprocess.py:75} INFO - Running command: ['/bin/bash', '-c', 'sleep 5']
[2024-12-28T03:56:14.585+0000] {subprocess.py:86} INFO - Output:
[2024-12-28T03:56:19.603+0000] {subprocess.py:97} INFO - Command exited with return code 0
[2024-12-28T03:56:19.676+0000] {taskinstance.py:1323} INFO - Marking task as SUCCESS. dag_id=trigger_dag_1, task_id=tsk1, execution_date=20241228T035611, start_date=20241228T035614, end_date=20241228T035619
[2024-12-28T03:56:19.752+0000] {local_task_job.py:208} INFO - Task exited with return code 0
[2024-12-28T03:56:19.806+0000] {taskinstance.py:2578} INFO - 0 downstream tasks scheduled from follow-on schedule check
