[2024-12-28T20:00:07.998+0000] {taskinstance.py:1083} INFO - Dependencies all met for <TaskInstance: default_args.tsk2 scheduled__2024-12-28T19:00:00+00:00 [queued]>
[2024-12-28T20:00:08.019+0000] {taskinstance.py:1083} INFO - Dependencies all met for <TaskInstance: default_args.tsk2 scheduled__2024-12-28T19:00:00+00:00 [queued]>
[2024-12-28T20:00:08.020+0000] {taskinstance.py:1279} INFO - 
--------------------------------------------------------------------------------
[2024-12-28T20:00:08.020+0000] {taskinstance.py:1280} INFO - Starting attempt 1 of 2
[2024-12-28T20:00:08.020+0000] {taskinstance.py:1281} INFO - 
--------------------------------------------------------------------------------
[2024-12-28T20:00:08.054+0000] {taskinstance.py:1300} INFO - Executing <Task(BashOperator): tsk2> on 2024-12-28 19:00:00+00:00
[2024-12-28T20:00:08.062+0000] {standard_task_runner.py:55} INFO - Started process 22828 to run task
[2024-12-28T20:00:08.067+0000] {standard_task_runner.py:82} INFO - Running: ['***', 'tasks', 'run', 'default_args', 'tsk2', 'scheduled__2024-12-28T19:00:00+00:00', '--job-id', '67', '--raw', '--subdir', 'DAGS_FOLDER/default_args_dag.py', '--cfg-path', '/tmp/tmp27r_dhxn']
[2024-12-28T20:00:08.068+0000] {standard_task_runner.py:83} INFO - Job 67: Subtask tsk2
[2024-12-28T20:00:08.199+0000] {task_command.py:388} INFO - Running <TaskInstance: default_args.tsk2 scheduled__2024-12-28T19:00:00+00:00 [running]> on host 2f43a4cf56a6
[2024-12-28T20:00:08.408+0000] {taskinstance.py:1509} INFO - Exporting the following env vars:
AIRFLOW_CTX_DAG_EMAIL=test@test.com
AIRFLOW_CTX_DAG_OWNER=***
AIRFLOW_CTX_DAG_ID=default_args
AIRFLOW_CTX_TASK_ID=tsk2
AIRFLOW_CTX_EXECUTION_DATE=2024-12-28T19:00:00+00:00
AIRFLOW_CTX_TRY_NUMBER=1
AIRFLOW_CTX_DAG_RUN_ID=scheduled__2024-12-28T19:00:00+00:00
[2024-12-28T20:00:08.412+0000] {subprocess.py:63} INFO - Tmp dir root location: 
 /tmp
[2024-12-28T20:00:08.413+0000] {subprocess.py:75} INFO - Running command: ['/bin/bash', '-c', 'sleep 5']
[2024-12-28T20:00:08.441+0000] {subprocess.py:86} INFO - Output:
[2024-12-28T20:00:13.452+0000] {subprocess.py:97} INFO - Command exited with return code 0
[2024-12-28T20:00:13.500+0000] {taskinstance.py:1323} INFO - Marking task as SUCCESS. dag_id=default_args, task_id=tsk2, execution_date=20241228T190000, start_date=20241228T200008, end_date=20241228T200013
[2024-12-28T20:00:13.573+0000] {local_task_job.py:208} INFO - Task exited with return code 0
[2024-12-28T20:00:13.627+0000] {taskinstance.py:2578} INFO - 1 downstream tasks scheduled from follow-on schedule check
