[2024-12-28T17:29:29.019+0000] {taskinstance.py:1083} INFO - Dependencies all met for <TaskInstance: default_args.tsk2 manual__2024-12-28T17:29:18.783358+00:00 [queued]>
[2024-12-28T17:29:29.047+0000] {taskinstance.py:1083} INFO - Dependencies all met for <TaskInstance: default_args.tsk2 manual__2024-12-28T17:29:18.783358+00:00 [queued]>
[2024-12-28T17:29:29.048+0000] {taskinstance.py:1279} INFO - 
--------------------------------------------------------------------------------
[2024-12-28T17:29:29.048+0000] {taskinstance.py:1280} INFO - Starting attempt 1 of 2
[2024-12-28T17:29:29.048+0000] {taskinstance.py:1281} INFO - 
--------------------------------------------------------------------------------
[2024-12-28T17:29:29.089+0000] {taskinstance.py:1300} INFO - Executing <Task(BashOperator): tsk2> on 2024-12-28 17:29:18.783358+00:00
[2024-12-28T17:29:29.102+0000] {standard_task_runner.py:55} INFO - Started process 12583 to run task
[2024-12-28T17:29:29.108+0000] {standard_task_runner.py:82} INFO - Running: ['***', 'tasks', 'run', 'default_args', 'tsk2', 'manual__2024-12-28T17:29:18.783358+00:00', '--job-id', '57', '--raw', '--subdir', 'DAGS_FOLDER/default_args_dag.py', '--cfg-path', '/tmp/tmp02ny2ex0']
[2024-12-28T17:29:29.109+0000] {standard_task_runner.py:83} INFO - Job 57: Subtask tsk2
[2024-12-28T17:29:29.308+0000] {task_command.py:388} INFO - Running <TaskInstance: default_args.tsk2 manual__2024-12-28T17:29:18.783358+00:00 [running]> on host 2f43a4cf56a6
[2024-12-28T17:29:29.526+0000] {taskinstance.py:1509} INFO - Exporting the following env vars:
AIRFLOW_CTX_DAG_EMAIL=test@test.com
AIRFLOW_CTX_DAG_OWNER=***
AIRFLOW_CTX_DAG_ID=default_args
AIRFLOW_CTX_TASK_ID=tsk2
AIRFLOW_CTX_EXECUTION_DATE=2024-12-28T17:29:18.783358+00:00
AIRFLOW_CTX_TRY_NUMBER=1
AIRFLOW_CTX_DAG_RUN_ID=manual__2024-12-28T17:29:18.783358+00:00
[2024-12-28T17:29:29.529+0000] {subprocess.py:63} INFO - Tmp dir root location: 
 /tmp
[2024-12-28T17:29:29.530+0000] {subprocess.py:75} INFO - Running command: ['/bin/bash', '-c', 'sleep 5']
[2024-12-28T17:29:29.557+0000] {subprocess.py:86} INFO - Output:
[2024-12-28T17:29:34.574+0000] {subprocess.py:97} INFO - Command exited with return code 0
[2024-12-28T17:29:34.655+0000] {taskinstance.py:1323} INFO - Marking task as SUCCESS. dag_id=default_args, task_id=tsk2, execution_date=20241228T172918, start_date=20241228T172929, end_date=20241228T172934
[2024-12-28T17:29:34.730+0000] {local_task_job.py:208} INFO - Task exited with return code 0
[2024-12-28T17:29:34.790+0000] {taskinstance.py:2578} INFO - 1 downstream tasks scheduled from follow-on schedule check
