[2024-12-28T15:53:58.986+0000] {taskinstance.py:1083} INFO - Dependencies all met for <TaskInstance: dag_group.tsk3 manual__2024-12-28T15:53:57.270479+00:00 [queued]>
[2024-12-28T15:53:59.029+0000] {taskinstance.py:1083} INFO - Dependencies all met for <TaskInstance: dag_group.tsk3 manual__2024-12-28T15:53:57.270479+00:00 [queued]>
[2024-12-28T15:53:59.030+0000] {taskinstance.py:1279} INFO - 
--------------------------------------------------------------------------------
[2024-12-28T15:53:59.030+0000] {taskinstance.py:1280} INFO - Starting attempt 1 of 1
[2024-12-28T15:53:59.031+0000] {taskinstance.py:1281} INFO - 
--------------------------------------------------------------------------------
[2024-12-28T15:53:59.089+0000] {taskinstance.py:1300} INFO - Executing <Task(BashOperator): tsk3> on 2024-12-28 15:53:57.270479+00:00
[2024-12-28T15:53:59.114+0000] {standard_task_runner.py:55} INFO - Started process 6237 to run task
[2024-12-28T15:53:59.125+0000] {standard_task_runner.py:82} INFO - Running: ['***', 'tasks', 'run', 'dag_group', 'tsk3', 'manual__2024-12-28T15:53:57.270479+00:00', '--job-id', '43', '--raw', '--subdir', 'DAGS_FOLDER/dag_group.py', '--cfg-path', '/tmp/tmppf27tk69']
[2024-12-28T15:53:59.132+0000] {standard_task_runner.py:83} INFO - Job 43: Subtask tsk3
[2024-12-28T15:53:59.557+0000] {task_command.py:388} INFO - Running <TaskInstance: dag_group.tsk3 manual__2024-12-28T15:53:57.270479+00:00 [running]> on host 2f43a4cf56a6
[2024-12-28T15:53:59.853+0000] {taskinstance.py:1509} INFO - Exporting the following env vars:
AIRFLOW_CTX_DAG_OWNER=***
AIRFLOW_CTX_DAG_ID=dag_group
AIRFLOW_CTX_TASK_ID=tsk3
AIRFLOW_CTX_EXECUTION_DATE=2024-12-28T15:53:57.270479+00:00
AIRFLOW_CTX_TRY_NUMBER=1
AIRFLOW_CTX_DAG_RUN_ID=manual__2024-12-28T15:53:57.270479+00:00
[2024-12-28T15:53:59.856+0000] {subprocess.py:63} INFO - Tmp dir root location: 
 /tmp
[2024-12-28T15:53:59.857+0000] {subprocess.py:75} INFO - Running command: ['/bin/bash', '-c', 'sleep 5']
[2024-12-28T15:53:59.911+0000] {subprocess.py:86} INFO - Output:
[2024-12-28T15:54:04.952+0000] {subprocess.py:97} INFO - Command exited with return code 0
[2024-12-28T15:54:05.093+0000] {taskinstance.py:1323} INFO - Marking task as SUCCESS. dag_id=dag_group, task_id=tsk3, execution_date=20241228T155357, start_date=20241228T155358, end_date=20241228T155405
[2024-12-28T15:54:05.188+0000] {local_task_job.py:208} INFO - Task exited with return code 0
[2024-12-28T15:54:05.395+0000] {taskinstance.py:2578} INFO - 1 downstream tasks scheduled from follow-on schedule check
