[2024-12-28T03:02:54.777+0000] {taskinstance.py:1083} INFO - Dependencies all met for <TaskInstance: segunda_dag.tsk3 manual__2024-12-28T03:02:45.195349+00:00 [queued]>
[2024-12-28T03:02:54.812+0000] {taskinstance.py:1083} INFO - Dependencies all met for <TaskInstance: segunda_dag.tsk3 manual__2024-12-28T03:02:45.195349+00:00 [queued]>
[2024-12-28T03:02:54.813+0000] {taskinstance.py:1279} INFO - 
--------------------------------------------------------------------------------
[2024-12-28T03:02:54.813+0000] {taskinstance.py:1280} INFO - Starting attempt 1 of 1
[2024-12-28T03:02:54.814+0000] {taskinstance.py:1281} INFO - 
--------------------------------------------------------------------------------
[2024-12-28T03:02:54.874+0000] {taskinstance.py:1300} INFO - Executing <Task(BashOperator): tsk3> on 2024-12-28 03:02:45.195349+00:00
[2024-12-28T03:02:54.892+0000] {standard_task_runner.py:55} INFO - Started process 260 to run task
[2024-12-28T03:02:54.920+0000] {standard_task_runner.py:82} INFO - Running: ['***', 'tasks', 'run', 'segunda_dag', 'tsk3', 'manual__2024-12-28T03:02:45.195349+00:00', '--job-id', '17', '--raw', '--subdir', 'DAGS_FOLDER/segundadag.py', '--cfg-path', '/tmp/tmpkezf6ol1']
[2024-12-28T03:02:54.922+0000] {standard_task_runner.py:83} INFO - Job 17: Subtask tsk3
[2024-12-28T03:02:55.125+0000] {task_command.py:388} INFO - Running <TaskInstance: segunda_dag.tsk3 manual__2024-12-28T03:02:45.195349+00:00 [running]> on host 2f43a4cf56a6
[2024-12-28T03:02:55.361+0000] {taskinstance.py:1509} INFO - Exporting the following env vars:
AIRFLOW_CTX_DAG_OWNER=***
AIRFLOW_CTX_DAG_ID=segunda_dag
AIRFLOW_CTX_TASK_ID=tsk3
AIRFLOW_CTX_EXECUTION_DATE=2024-12-28T03:02:45.195349+00:00
AIRFLOW_CTX_TRY_NUMBER=1
AIRFLOW_CTX_DAG_RUN_ID=manual__2024-12-28T03:02:45.195349+00:00
[2024-12-28T03:02:55.363+0000] {subprocess.py:63} INFO - Tmp dir root location: 
 /tmp
[2024-12-28T03:02:55.365+0000] {subprocess.py:75} INFO - Running command: ['/bin/bash', '-c', 'sleep 5']
[2024-12-28T03:02:55.402+0000] {subprocess.py:86} INFO - Output:
[2024-12-28T03:03:00.415+0000] {subprocess.py:97} INFO - Command exited with return code 0
[2024-12-28T03:03:00.481+0000] {taskinstance.py:1323} INFO - Marking task as SUCCESS. dag_id=segunda_dag, task_id=tsk3, execution_date=20241228T030245, start_date=20241228T030254, end_date=20241228T030300
[2024-12-28T03:03:00.545+0000] {local_task_job.py:208} INFO - Task exited with return code 0
[2024-12-28T03:03:00.597+0000] {taskinstance.py:2578} INFO - 0 downstream tasks scheduled from follow-on schedule check
