[2024-12-28T03:12:56.289+0000] {taskinstance.py:1083} INFO - Dependencies all met for <TaskInstance: terceira_dag.tsk1 manual__2024-12-28T03:12:53.331296+00:00 [queued]>
[2024-12-28T03:12:56.328+0000] {taskinstance.py:1083} INFO - Dependencies all met for <TaskInstance: terceira_dag.tsk1 manual__2024-12-28T03:12:53.331296+00:00 [queued]>
[2024-12-28T03:12:56.329+0000] {taskinstance.py:1279} INFO - 
--------------------------------------------------------------------------------
[2024-12-28T03:12:56.329+0000] {taskinstance.py:1280} INFO - Starting attempt 1 of 1
[2024-12-28T03:12:56.329+0000] {taskinstance.py:1281} INFO - 
--------------------------------------------------------------------------------
[2024-12-28T03:12:56.375+0000] {taskinstance.py:1300} INFO - Executing <Task(BashOperator): tsk1> on 2024-12-28 03:12:53.331296+00:00
[2024-12-28T03:12:56.401+0000] {standard_task_runner.py:55} INFO - Started process 849 to run task
[2024-12-28T03:12:56.410+0000] {standard_task_runner.py:82} INFO - Running: ['***', 'tasks', 'run', 'terceira_dag', 'tsk1', 'manual__2024-12-28T03:12:53.331296+00:00', '--job-id', '20', '--raw', '--subdir', 'DAGS_FOLDER/terceiradag.py', '--cfg-path', '/tmp/tmpxvwfdlzi']
[2024-12-28T03:12:56.412+0000] {standard_task_runner.py:83} INFO - Job 20: Subtask tsk1
[2024-12-28T03:12:56.614+0000] {task_command.py:388} INFO - Running <TaskInstance: terceira_dag.tsk1 manual__2024-12-28T03:12:53.331296+00:00 [running]> on host 2f43a4cf56a6
[2024-12-28T03:12:56.863+0000] {taskinstance.py:1509} INFO - Exporting the following env vars:
AIRFLOW_CTX_DAG_OWNER=***
AIRFLOW_CTX_DAG_ID=terceira_dag
AIRFLOW_CTX_TASK_ID=tsk1
AIRFLOW_CTX_EXECUTION_DATE=2024-12-28T03:12:53.331296+00:00
AIRFLOW_CTX_TRY_NUMBER=1
AIRFLOW_CTX_DAG_RUN_ID=manual__2024-12-28T03:12:53.331296+00:00
[2024-12-28T03:12:56.870+0000] {subprocess.py:63} INFO - Tmp dir root location: 
 /tmp
[2024-12-28T03:12:56.871+0000] {subprocess.py:75} INFO - Running command: ['/bin/bash', '-c', 'sleep 5']
[2024-12-28T03:12:56.913+0000] {subprocess.py:86} INFO - Output:
[2024-12-28T03:13:01.952+0000] {subprocess.py:97} INFO - Command exited with return code 0
[2024-12-28T03:13:02.198+0000] {taskinstance.py:1323} INFO - Marking task as SUCCESS. dag_id=terceira_dag, task_id=tsk1, execution_date=20241228T031253, start_date=20241228T031256, end_date=20241228T031302
[2024-12-28T03:13:02.284+0000] {local_task_job.py:208} INFO - Task exited with return code 0
[2024-12-28T03:13:02.367+0000] {taskinstance.py:2578} INFO - 0 downstream tasks scheduled from follow-on schedule check
