[2024-12-28T15:10:59.478+0000] {taskinstance.py:1083} INFO - Dependencies all met for <TaskInstance: dag_complexa.tsk2 manual__2024-12-28T15:10:52.809157+00:00 [queued]>
[2024-12-28T15:10:59.506+0000] {taskinstance.py:1083} INFO - Dependencies all met for <TaskInstance: dag_complexa.tsk2 manual__2024-12-28T15:10:52.809157+00:00 [queued]>
[2024-12-28T15:10:59.506+0000] {taskinstance.py:1279} INFO - 
--------------------------------------------------------------------------------
[2024-12-28T15:10:59.507+0000] {taskinstance.py:1280} INFO - Starting attempt 1 of 1
[2024-12-28T15:10:59.507+0000] {taskinstance.py:1281} INFO - 
--------------------------------------------------------------------------------
[2024-12-28T15:10:59.552+0000] {taskinstance.py:1300} INFO - Executing <Task(BashOperator): tsk2> on 2024-12-28 15:10:52.809157+00:00
[2024-12-28T15:10:59.560+0000] {standard_task_runner.py:55} INFO - Started process 3374 to run task
[2024-12-28T15:10:59.567+0000] {standard_task_runner.py:82} INFO - Running: ['***', 'tasks', 'run', 'dag_complexa', 'tsk2', 'manual__2024-12-28T15:10:52.809157+00:00', '--job-id', '35', '--raw', '--subdir', 'DAGS_FOLDER/dag_complexa.py', '--cfg-path', '/tmp/tmpvwk21zvs']
[2024-12-28T15:10:59.568+0000] {standard_task_runner.py:83} INFO - Job 35: Subtask tsk2
[2024-12-28T15:10:59.733+0000] {task_command.py:388} INFO - Running <TaskInstance: dag_complexa.tsk2 manual__2024-12-28T15:10:52.809157+00:00 [running]> on host 2f43a4cf56a6
[2024-12-28T15:10:59.923+0000] {taskinstance.py:1509} INFO - Exporting the following env vars:
AIRFLOW_CTX_DAG_OWNER=***
AIRFLOW_CTX_DAG_ID=dag_complexa
AIRFLOW_CTX_TASK_ID=tsk2
AIRFLOW_CTX_EXECUTION_DATE=2024-12-28T15:10:52.809157+00:00
AIRFLOW_CTX_TRY_NUMBER=1
AIRFLOW_CTX_DAG_RUN_ID=manual__2024-12-28T15:10:52.809157+00:00
[2024-12-28T15:10:59.926+0000] {subprocess.py:63} INFO - Tmp dir root location: 
 /tmp
[2024-12-28T15:10:59.928+0000] {subprocess.py:75} INFO - Running command: ['/bin/bash', '-c', 'sleep 5']
[2024-12-28T15:10:59.972+0000] {subprocess.py:86} INFO - Output:
[2024-12-28T15:11:04.998+0000] {subprocess.py:97} INFO - Command exited with return code 0
[2024-12-28T15:11:05.072+0000] {taskinstance.py:1323} INFO - Marking task as SUCCESS. dag_id=dag_complexa, task_id=tsk2, execution_date=20241228T151052, start_date=20241228T151059, end_date=20241228T151105
[2024-12-28T15:11:05.130+0000] {local_task_job.py:208} INFO - Task exited with return code 0
[2024-12-28T15:11:05.196+0000] {taskinstance.py:2578} INFO - 0 downstream tasks scheduled from follow-on schedule check
