[2024-12-28T14:46:27.194+0000] {taskinstance.py:1083} INFO - Dependencies all met for <TaskInstance: trigger_dag_2.tsk3 manual__2024-12-28T14:46:16.810033+00:00 [queued]>
[2024-12-28T14:46:27.220+0000] {taskinstance.py:1083} INFO - Dependencies all met for <TaskInstance: trigger_dag_2.tsk3 manual__2024-12-28T14:46:16.810033+00:00 [queued]>
[2024-12-28T14:46:27.220+0000] {taskinstance.py:1279} INFO - 
--------------------------------------------------------------------------------
[2024-12-28T14:46:27.220+0000] {taskinstance.py:1280} INFO - Starting attempt 1 of 1
[2024-12-28T14:46:27.220+0000] {taskinstance.py:1281} INFO - 
--------------------------------------------------------------------------------
[2024-12-28T14:46:27.249+0000] {taskinstance.py:1300} INFO - Executing <Task(BashOperator): tsk3> on 2024-12-28 14:46:16.810033+00:00
[2024-12-28T14:46:27.259+0000] {standard_task_runner.py:55} INFO - Started process 1785 to run task
[2024-12-28T14:46:27.265+0000] {standard_task_runner.py:82} INFO - Running: ['***', 'tasks', 'run', 'trigger_dag_2', 'tsk3', 'manual__2024-12-28T14:46:16.810033+00:00', '--job-id', '31', '--raw', '--subdir', 'DAGS_FOLDER/triggerDag2.py', '--cfg-path', '/tmp/tmpeh6g1908']
[2024-12-28T14:46:27.266+0000] {standard_task_runner.py:83} INFO - Job 31: Subtask tsk3
[2024-12-28T14:46:27.383+0000] {task_command.py:388} INFO - Running <TaskInstance: trigger_dag_2.tsk3 manual__2024-12-28T14:46:16.810033+00:00 [running]> on host 2f43a4cf56a6
[2024-12-28T14:46:27.556+0000] {taskinstance.py:1509} INFO - Exporting the following env vars:
AIRFLOW_CTX_DAG_OWNER=***
AIRFLOW_CTX_DAG_ID=trigger_dag_2
AIRFLOW_CTX_TASK_ID=tsk3
AIRFLOW_CTX_EXECUTION_DATE=2024-12-28T14:46:16.810033+00:00
AIRFLOW_CTX_TRY_NUMBER=1
AIRFLOW_CTX_DAG_RUN_ID=manual__2024-12-28T14:46:16.810033+00:00
[2024-12-28T14:46:27.563+0000] {subprocess.py:63} INFO - Tmp dir root location: 
 /tmp
[2024-12-28T14:46:27.564+0000] {subprocess.py:75} INFO - Running command: ['/bin/bash', '-c', 'sleep 5']
[2024-12-28T14:46:27.602+0000] {subprocess.py:86} INFO - Output:
[2024-12-28T14:46:32.617+0000] {subprocess.py:97} INFO - Command exited with return code 0
[2024-12-28T14:46:32.676+0000] {taskinstance.py:1323} INFO - Marking task as SUCCESS. dag_id=trigger_dag_2, task_id=tsk3, execution_date=20241228T144616, start_date=20241228T144627, end_date=20241228T144632
[2024-12-28T14:46:32.733+0000] {local_task_job.py:208} INFO - Task exited with return code 0
[2024-12-28T14:46:32.766+0000] {taskinstance.py:2578} INFO - 0 downstream tasks scheduled from follow-on schedule check
