[2024-12-28T18:00:07.239+0000] {taskinstance.py:1083} INFO - Dependencies all met for <TaskInstance: default_args.tsk2 scheduled__2024-12-28T17:00:00+00:00 [queued]>
[2024-12-28T18:00:07.263+0000] {taskinstance.py:1083} INFO - Dependencies all met for <TaskInstance: default_args.tsk2 scheduled__2024-12-28T17:00:00+00:00 [queued]>
[2024-12-28T18:00:07.264+0000] {taskinstance.py:1279} INFO - 
--------------------------------------------------------------------------------
[2024-12-28T18:00:07.264+0000] {taskinstance.py:1280} INFO - Starting attempt 1 of 2
[2024-12-28T18:00:07.264+0000] {taskinstance.py:1281} INFO - 
--------------------------------------------------------------------------------
[2024-12-28T18:00:07.298+0000] {taskinstance.py:1300} INFO - Executing <Task(BashOperator): tsk2> on 2024-12-28 17:00:00+00:00
[2024-12-28T18:00:07.307+0000] {standard_task_runner.py:55} INFO - Started process 14656 to run task
[2024-12-28T18:00:07.312+0000] {standard_task_runner.py:82} INFO - Running: ['***', 'tasks', 'run', 'default_args', 'tsk2', 'scheduled__2024-12-28T17:00:00+00:00', '--job-id', '61', '--raw', '--subdir', 'DAGS_FOLDER/default_args_dag.py', '--cfg-path', '/tmp/tmpl7se1s62']
[2024-12-28T18:00:07.313+0000] {standard_task_runner.py:83} INFO - Job 61: Subtask tsk2
[2024-12-28T18:00:07.438+0000] {task_command.py:388} INFO - Running <TaskInstance: default_args.tsk2 scheduled__2024-12-28T17:00:00+00:00 [running]> on host 2f43a4cf56a6
[2024-12-28T18:00:07.605+0000] {taskinstance.py:1509} INFO - Exporting the following env vars:
AIRFLOW_CTX_DAG_EMAIL=test@test.com
AIRFLOW_CTX_DAG_OWNER=***
AIRFLOW_CTX_DAG_ID=default_args
AIRFLOW_CTX_TASK_ID=tsk2
AIRFLOW_CTX_EXECUTION_DATE=2024-12-28T17:00:00+00:00
AIRFLOW_CTX_TRY_NUMBER=1
AIRFLOW_CTX_DAG_RUN_ID=scheduled__2024-12-28T17:00:00+00:00
[2024-12-28T18:00:07.607+0000] {subprocess.py:63} INFO - Tmp dir root location: 
 /tmp
[2024-12-28T18:00:07.608+0000] {subprocess.py:75} INFO - Running command: ['/bin/bash', '-c', 'sleep 5']
[2024-12-28T18:00:07.626+0000] {subprocess.py:86} INFO - Output:
[2024-12-28T18:00:12.636+0000] {subprocess.py:97} INFO - Command exited with return code 0
[2024-12-28T18:00:12.693+0000] {taskinstance.py:1323} INFO - Marking task as SUCCESS. dag_id=default_args, task_id=tsk2, execution_date=20241228T170000, start_date=20241228T180007, end_date=20241228T180012
[2024-12-28T18:00:12.766+0000] {local_task_job.py:208} INFO - Task exited with return code 0
[2024-12-28T18:00:12.806+0000] {taskinstance.py:2578} INFO - 1 downstream tasks scheduled from follow-on schedule check
