[2024-12-28T15:11:14.555+0000] {taskinstance.py:1083} INFO - Dependencies all met for <TaskInstance: dag_complexa.tsk4 manual__2024-12-28T15:10:52.809157+00:00 [queued]>
[2024-12-28T15:11:14.575+0000] {taskinstance.py:1083} INFO - Dependencies all met for <TaskInstance: dag_complexa.tsk4 manual__2024-12-28T15:10:52.809157+00:00 [queued]>
[2024-12-28T15:11:14.575+0000] {taskinstance.py:1279} INFO - 
--------------------------------------------------------------------------------
[2024-12-28T15:11:14.575+0000] {taskinstance.py:1280} INFO - Starting attempt 1 of 1
[2024-12-28T15:11:14.575+0000] {taskinstance.py:1281} INFO - 
--------------------------------------------------------------------------------
[2024-12-28T15:11:14.603+0000] {taskinstance.py:1300} INFO - Executing <Task(BashOperator): tsk4> on 2024-12-28 15:10:52.809157+00:00
[2024-12-28T15:11:14.610+0000] {standard_task_runner.py:55} INFO - Started process 3398 to run task
[2024-12-28T15:11:14.615+0000] {standard_task_runner.py:82} INFO - Running: ['***', 'tasks', 'run', 'dag_complexa', 'tsk4', 'manual__2024-12-28T15:10:52.809157+00:00', '--job-id', '37', '--raw', '--subdir', 'DAGS_FOLDER/dag_complexa.py', '--cfg-path', '/tmp/tmpujzv7gay']
[2024-12-28T15:11:14.616+0000] {standard_task_runner.py:83} INFO - Job 37: Subtask tsk4
[2024-12-28T15:11:14.739+0000] {task_command.py:388} INFO - Running <TaskInstance: dag_complexa.tsk4 manual__2024-12-28T15:10:52.809157+00:00 [running]> on host 2f43a4cf56a6
[2024-12-28T15:11:14.871+0000] {taskinstance.py:1509} INFO - Exporting the following env vars:
AIRFLOW_CTX_DAG_OWNER=***
AIRFLOW_CTX_DAG_ID=dag_complexa
AIRFLOW_CTX_TASK_ID=tsk4
AIRFLOW_CTX_EXECUTION_DATE=2024-12-28T15:10:52.809157+00:00
AIRFLOW_CTX_TRY_NUMBER=1
AIRFLOW_CTX_DAG_RUN_ID=manual__2024-12-28T15:10:52.809157+00:00
[2024-12-28T15:11:14.872+0000] {subprocess.py:63} INFO - Tmp dir root location: 
 /tmp
[2024-12-28T15:11:14.873+0000] {subprocess.py:75} INFO - Running command: ['/bin/bash', '-c', 'sleep 5']
[2024-12-28T15:11:14.892+0000] {subprocess.py:86} INFO - Output:
[2024-12-28T15:11:19.902+0000] {subprocess.py:97} INFO - Command exited with return code 0
[2024-12-28T15:11:19.973+0000] {taskinstance.py:1323} INFO - Marking task as SUCCESS. dag_id=dag_complexa, task_id=tsk4, execution_date=20241228T151052, start_date=20241228T151114, end_date=20241228T151119
[2024-12-28T15:11:20.039+0000] {local_task_job.py:208} INFO - Task exited with return code 0
[2024-12-28T15:11:20.106+0000] {taskinstance.py:2578} INFO - 1 downstream tasks scheduled from follow-on schedule check
