[2024-12-28T17:29:35.884+0000] {taskinstance.py:1083} INFO - Dependencies all met for <TaskInstance: default_args.tsk3 manual__2024-12-28T17:29:18.783358+00:00 [queued]>
[2024-12-28T17:29:35.920+0000] {taskinstance.py:1083} INFO - Dependencies all met for <TaskInstance: default_args.tsk3 manual__2024-12-28T17:29:18.783358+00:00 [queued]>
[2024-12-28T17:29:35.920+0000] {taskinstance.py:1279} INFO - 
--------------------------------------------------------------------------------
[2024-12-28T17:29:35.921+0000] {taskinstance.py:1280} INFO - Starting attempt 1 of 2
[2024-12-28T17:29:35.921+0000] {taskinstance.py:1281} INFO - 
--------------------------------------------------------------------------------
[2024-12-28T17:29:35.980+0000] {taskinstance.py:1300} INFO - Executing <Task(BashOperator): tsk3> on 2024-12-28 17:29:18.783358+00:00
[2024-12-28T17:29:35.995+0000] {standard_task_runner.py:55} INFO - Started process 12597 to run task
[2024-12-28T17:29:36.007+0000] {standard_task_runner.py:82} INFO - Running: ['***', 'tasks', 'run', 'default_args', 'tsk3', 'manual__2024-12-28T17:29:18.783358+00:00', '--job-id', '59', '--raw', '--subdir', 'DAGS_FOLDER/default_args_dag.py', '--cfg-path', '/tmp/tmpi0ml6bcr']
[2024-12-28T17:29:36.008+0000] {standard_task_runner.py:83} INFO - Job 59: Subtask tsk3
[2024-12-28T17:29:36.190+0000] {task_command.py:388} INFO - Running <TaskInstance: default_args.tsk3 manual__2024-12-28T17:29:18.783358+00:00 [running]> on host 2f43a4cf56a6
[2024-12-28T17:29:36.401+0000] {taskinstance.py:1509} INFO - Exporting the following env vars:
AIRFLOW_CTX_DAG_EMAIL=test@test.com
AIRFLOW_CTX_DAG_OWNER=***
AIRFLOW_CTX_DAG_ID=default_args
AIRFLOW_CTX_TASK_ID=tsk3
AIRFLOW_CTX_EXECUTION_DATE=2024-12-28T17:29:18.783358+00:00
AIRFLOW_CTX_TRY_NUMBER=1
AIRFLOW_CTX_DAG_RUN_ID=manual__2024-12-28T17:29:18.783358+00:00
[2024-12-28T17:29:36.403+0000] {subprocess.py:63} INFO - Tmp dir root location: 
 /tmp
[2024-12-28T17:29:36.405+0000] {subprocess.py:75} INFO - Running command: ['/bin/bash', '-c', 'sleep 5']
[2024-12-28T17:29:36.437+0000] {subprocess.py:86} INFO - Output:
[2024-12-28T17:29:41.450+0000] {subprocess.py:97} INFO - Command exited with return code 0
[2024-12-28T17:29:41.511+0000] {taskinstance.py:1323} INFO - Marking task as SUCCESS. dag_id=default_args, task_id=tsk3, execution_date=20241228T172918, start_date=20241228T172935, end_date=20241228T172941
[2024-12-28T17:29:41.585+0000] {local_task_job.py:208} INFO - Task exited with return code 0
[2024-12-28T17:29:41.631+0000] {taskinstance.py:2578} INFO - 0 downstream tasks scheduled from follow-on schedule check
